3 212 122 145
3 168 230 181
3 275 174 242
3 54 239 289
3 34 281 219
3 0 214 238
3 41 284 266
3 167 277 112
3 87 28 223
3 85 146 51
3 184 204 155
3 296 29 196
3 180 172 264
3 249 121 104
3 216 128 20
3 88 14 115
3 108 102 255
3 116 241 292
3 164 40 12
3 99 244 78
3 110 217 106
3 80 82 192
3 103 271 71
3 8 64 55
3 72 185 280
3 75 68 228
3 4 222 250
3 162 11 288
3 134 50 182
3 159 258 47
3 259 27 17
3 7 202 152
3 148 243 100
3 294 111 43
3 246 254 141
3 286 157 59
3 203 158 176
3 299 26 67
3 276 86 66
3 133 207 120
3 210 209 215
3 220 268 142
3 62 3 297
3 24 295 154
3 260 61 262
3 127 170 251
3 161 236 252
3 13 177 186
3 92 163 206
3 137 117 256
3 136 89 231
3 58 191 126
3 95 160 233
3 285 42 208
3 150 23 1
3 15 73 194
3 227 298 279
3 225 237 229
3 290 109 272
3 218 197 69
3 193 253 30
3 144 140 37
3 74 48 270
3 18 147 143
3 187 114 46
3 56 195 123
3 273 22 97
3 107 6 240
3 38 93 178
3 213 138 211
3 63 25 84
3 105 190 293
3 171 269 135
3 263 90 94
3 57 70 52
3 261 76 189
3 267 283 278
3 125 10 77
3 200 235 49
3 245 287 149
3 156 118 257
3 19 201 132
3 60 101 153
3 198 119 9
3 79 5 169
3 226 81 151
3 44 131 173
3 129 83 247
2 232 16
3 166 124 274
2 21 98
3 188 248 2
3 96 291 175
3 53 139 165
3 91 45 183
2 113 205
3 224 199 130
2 282 31
2 32 265
2 39 35
