11 8703 2233 5189 9349 185 4827 3733 9493 4273 9374 3238
17 606 2313 2838 3354 5054 1733 6589 6416 3282 3796 2389 287 8315 3219 1813 392 6127
12 375 7180 3362 9533 6091 9924 7431 1665 8724 3012 5063 1680
20 6198 7891 6922 6575 7041 1302 2874 8105 6940 2294 851 2038 7634 3322 8508 3093 1887 234 6390 8013
13 563 4347 2040 8383 6326 6707 884 8714 5459 9714 5900 9796 2223
19 6831 7398 3461 655 9871 5674 4331 2966 2601 1756 8264 6504 9448 3809 7268 5735 6151 7133 247
17 5769 3257 9255 8133 4450 8023 6231 7285 4191 4402 7055 9309 5811 472 4156 4197 2188
16 8329 8425 8370 5347 8955 9546 379 8547 7651 3101 4097 8927 7908 4763 4476 5501
6 5860 9046 3202 778 6613 7008
19 9888 1194 6749 354 4636 912 3377 7939 5655 5165 3517 6852 3240 1954 2764 4308 1958 1701 8054
20 7499 1724 4437 2455 2973 8856 3663 8806 7466 4921 4248 5470 8010 8668 3132 5178 5617 18 616 8152
9 2384 4529 5826 4956 3003 4540 4018 2544 5224
18 519 4475 6068 5829 9071 9948 9408 249 3593 771 2405 3864 197 901 5047 6819 3069 4759
6 6663 7028 7355 943 2964 4332
13 9409 3333 1778 5872 1827 1816 3166 8321 8589 3871 3390 4177 4474
10 1135 7388 5327 2849 1788 6717 6533 7527 9811 3914
16 9325 1605 6239 3566 8597 5405 2191 8810 6787 8235 8386 6096 5443 3134 2897 3884
12 7913 4007 3530 5527 5475 723 8012 8240 8282 3781 3749 7496
11 5235 8965 1266 6734 1409 2427 6355 8683 4554 9736 142
20 7957 726 8198 4807 761 2482 6698 2388 1532 6378 4620 5675 973 4492 8924 5407 6112 994 5647 7302
19 3444 8783 8715 8434 98 6101 8737 244 4871 6345 4343 5523 6366 6042 1463 787 931 5272 3870
12 3654 9946 9807 4146 8635 3460 5362 9589 8690 5944 3860 6770
18 2061 3596 5295 9341 8101 4031 6179 9000 3323 3010 2587 5078 848 2902 7977 9711 5819 8789
9 8477 1113 4154 4613 2059 3439 5256 7909 6467
20 4855 3918 2335 3263 1503 7847 9962 5792 280 2909 7842 4032 7982 9565 192 5056 755 371 1456 2225
19 6541 1689 8440 5620 6356 7682 514 7903 4014 8590 964 5483 6214 7954 3950 2730 8865 9970 4886
9 6115 5991 1517 8454 58 2224 8490 8371 8638
18 3090 19 1852 482 6425 6446 1079 1942 9268 3174 1075 3078 9350 1007 5079 2491 685 2509
14 8758 210 2654 2415 4772 1136 9572 2081 5229 2080 4257 9977 406 9329
10 273 3147 4559 2204 4835 367 1356 6840 8480 5536
15 7040 9402 1002 4378 26 5877 3771 1928 4132 2734 3983 8606 5629 1043 6632
13 6916 3294 2915 9382 7442 5371 4812 5846 8735 8327 8517 3975 4732
11 55 6740 4107 8665 1785 1161 6872 8275 8 7146 1377
19 1776 2714 3947 3058 6526 5116 7508 4651 4947 50 4039 7656 5528 8756 4061 2287 9311 3589 9004
19 5324 7455 9691 6450 6021 908 4121 7735 1502 6704 878 4671 2625 2594 2253 5455 8120 3929 9013
15 6807 789 8803 4806 2696 6062 7078 2933 1920 6812 2666 8762 8858 7899 4538
15 4679 7941 2907 5092 8166 214 2351 632 827 3911 479 1231 5202 6152 4484
14 4758 2297 2444 5184 2311 335 858 3131 6725 3792 1972 6266 5174 3484
14 3167 6150 6475 4652 156 3466 3163 3912 5525 6869 1442 1751 9906 7983
14 1833 4693 493 5719 5678 2979 8851 7383 4577 3488 1064 3719 4268 5926
19 3549 8736 6168 1276 497 6009 5451 412 7125 3136 1032 7067 4668 6373 4905 2819 5253 1966 8423
8 8670 4222 574 8913 2193 8265 4013 1212
19 9140 1013 9845 483 7494 1721 3673 2479 3256 9233 3659 3355 5765 468 8579 1118 8001 9117 4978
20 5086 3245 4233 8382 6069 3026 5830 553 865 8960 5117 748 5261 5081 8267 2450 3369 3987 2463 8572
17 541 5213 5890 498 4493 9284 8017 1029 7340 3788 5200 2792 7660 8487 86 3535 2530
14 4637 8055 8832 5212 1386 9819 9159 7984 890 8814 7990 9878 2618 5841
12 8708 5218 8548 9252 6720 3937 6330 8707 4785 1579 8527 3042
18 5934 3236 2642 290 8173 2368 1391 1930 3556 6692 972 2267 4381 9898 3787 4049 8057 2508
18 8962 9920 3632 8194 6082 9248 3476 2535 877 2965 3943 7625 3876 8145 4570 2926 8210 5311
18 5885 4781 2147 3783 8367 7068 9299 9023 9384 534 5607 6611 3056 2877 669 8674 1254 1300
20 6689 7318 5744 1218 5957 2352 376 369 5062 5715 8513 3244 2672 706 9854 1812 8320 3611 4750 3571
16 5300 7612 4635 95 1792 2250 9419 5853 4415 6596 1037 8751 3745 1473 3347 1558
10 1867 7435 7585 3816 3936 1802 3378 3712 8098 5859
14 9679 2603 1489 5748 856 5088 2558 365 7065 8569 3736 7105 3803 9520
11 3307 7329 1208 1727 1485 2868 5223 8685 5322 3229 3380
17 7929 1593 2401 9289 6784 7873 6103 2439 8656 9423 1975 7241 6477 5978 9717 8019 8669
19 3855 4387 6296 5892 2997 7730 2108 5009 3211 1123 6622 6149 3000 3810 597 7136 1983 5318 7472
13 3578 7817 275 9778 1337 731 8812 750 2823 1295 8939 8122 296
16 9449 9751 5701 4046 6641 7394 3266 2263 5331 4797 8626 4463 8717 4606 8874 3698
20 3817 5971 5500 6265 5012 2781 8996 5864 3979 7063 2420 7671 9243 6136 2103 662 9850 4479 4145 3224
18 24 6329 200 9633 3453 2661 8263 8288 3474 800 1229 7360 2483 4095 1184 6019 6518 7223
18 3371 2536 9965 3739 5374 1466 1967 8415 2834 1151 7670 1360 555 5348 5637 6997 6685 270
9 4071 3826 7804 9088 4670 9521 2836 2411 1569
7 117 3276 5480 16 3863 5547 8069
21 4618 7810 8774 8285 4410 6034 380 4834 1568 6974 1743 1446 6626 1379 3637 2880 5390 5449 1288 7509 1825
12 372 1609 3291 9943 441 7023 8964 810 1278 5661 9770 913
18 6381 3575 2957 448 9712 6374 4776 7614 9072 9597 1451 5153 2488 3250 6348 1082 3664 5616
11 4307 8711 8109 6519 6830 1611 7306 5126 3302 8295 5254
17 7401 7156 2230 326 3220 4063 9624 3436 518 2016 5997 5788 9339 3140 1961 7393 1472
13 6695 1838 5698 1326 7922 39 9694 5473 1395 3045 6483 4932 1546
13 9523 864 9702 4709 9433 3977 4067 5326 2889 7324 3957 4220 3755
20 2869 7471 7638 4666 1349 9177 3648 7830 4718 6774 3756 339 5772 1091 3189 2490 3762 7985 4790 2755
9 4150 7512 8040 7444 6050 1915 7885 7748 5891
12 1005 4260 5377 1465 3818 5400 3230 8943 4779 3984 3825 6084
20 961 6135 965 4482 5135 3524 121 808 5442 694 2772 5277 8634 3071 8313 3665 2227 1139 1662 9794
19 920 1406 245 780 1647 9134 6672 1104 1448 3392 5956 6790 605 9036 8142 9749 2238 2586 4399
17 7070 6502 4112 6409 3789 8116 3735 5278 2851 1894 466 7836 5591 2516 9354 4531 1549
18 769 8029 9636 4914 1613 3507 8524 1786 703 5 2968 7959 1195 5798 9560 3586 9782 2114
4 1978 1192 1445 8994
11 7561 4706 3092 8868 9100 2394 397 4734 3902 5520 5059
11 4894 817 6200 1491 1245 6407 9222 1799 5155 6574 2528
18 2917 9406 3865 4207 8085 241 2706 4282 8007 4809 4715 2183 7835 4791 5737 8106 7375 107
14 768 2784 9944 4404 3493 2355 5021 1695 6369 5657 7202 770 6113 5545
15 9550 2653 4965 2037 3201 1235 4082 8032 1173 1619 6944 1290 795 4955 1185
13 222 2738 4084 665 1913 159 2075 1061 7603 0 2659 2606 9443
14 4058 7116 4794 3200 2967 3051 8220 4866 4628 8916 1720 4597 3001 9693
16 9675 6849 1177 982 9645 4884 6883 8291 7286 6539 5590 6668 5624 5269 3111 7441
12 4948 4836 353 8799 3027 5696 1434 7919 289 4976 7410 2376
19 9799 8290 8835 2856 2041 5069 896 7808 8160 1814 1026 7378 2001 2503 1935 9095 3284 3097 9759
11 1664 1651 5562 9784 2700 8231 3407 6368 535 295 1134
19 297 4885 9806 69 5503 617 7595 4270 2893 7507 8822 6736 6254 5144 440 2610 1722 3287 4650
17 583 1630 3989 6128 8042 6274 1433 243 3897 5618 79 5044 12 3543 8185 224 925
11 6277 9166 8426 3512 8188 2412 8352 9792 4522 1909 2983
7 8840 9996 4717 9055 2562 3705 3569
17 4143 5808 3334 7994 7745 3429 6769 9706 8969 8161 3953 6099 6496 9552 8308 4133 566
19 4346 1860 2782 5511 607 2377 7805 4209 9378 1277 3650 3954 228 2339 5431 7215 962 910 2521
12 2316 5727 6155 7602 6818 7840 1494 2220 6515 2697 8374 7093
19 2559 8262 4194 854 2802 1660 6864 7046 5349 521 4385 4922 9200 3734 5434 6492 1805 7042 1950
18 2883 1773 4867 950 8642 4256 2192 1320 5689 1057 1711 4142 2725 822 6881 9558 8414 611
19 7952 9852 3490 4973 1239 4969 8562 3547 274 1832 8763 4053 5509 2692 1059 8648 5361 5939 3883
15 1888 3138 428 7193 5382 319 2959 4614 3081 6781 2070 6979 2152 7533 6093
17 1040 7451 4421 4657 5913 3099 2548 3077 4460 5921 5898 7519 6606 6959 7459 5723 1829
18 5445 3546 6875 199 5627 9737 3499 2241 936 1154 6948 2752 785 8949 5596 2608 263 8921
18 1138 1438 5710 8464 1369 8667 6699 6038 3395 2239 681 9468 5028 8942 4083 3298 7115 5127
9 7119 9246 3381 9510 4439 5531 3028 1343 7185
17 734 6884 7867 2470 9539 3646 523 9226 7296 6891 974 2085 6568 389 9369 4127 3014
20 6815 1414 8203 1527 9297 9524 3194 6476 5076 3450 5556 6823 7721 2029 4600 7349 1586 1306 2271 690
11 2720 6912 4634 8871 8661 1889 9201 5321 7947 8722 1929
12 4059 7864 3572 7430 378 8300 5564 9106 7624 1394 7321 7581
14 423 5402 1635 6003 2235 4297 2751 2728 4254 1571 2435 8861 7235 6063
16 4214 6110 8574 8157 7277 9068 7576 9911 1411 1789 4431 5252 9960 4897 5666 7036
22 3149 2538 8328 2904 9557 5263 46 9357 2206 5208 6415 242 7072 8896 3144 6144 7639 5831 7801 3264 3043 5718
9 8890 2111 7589 3683 5667 5563 3218 8941 5108
18 8204 3951 2626 4349 6523 4607 374 5250 614 5320 347 3209 7181 4510 4741 2862 5606 9069
21 1273 6404 4935 6012 2181 3721 8970 7145 2938 3213 4429 8258 7400 3927 1574 6867 8355 5439 8091 6917 4243
14 2735 7293 328 3129 7446 4520 7961 8117 5762 299 2833 3780 8319 3417
13 157 3758 248 7876 7698 8575 2119 9272 7822 5329 8627 126 3560
10 6321 6532 4961 5775 4199 4808 729 1931 6364 3184
13 9305 6745 252 4113 862 9103 3613 2582 5974 3814 4563 2337 8147
19 9514 8557 4624 2338 5050 5279 3314 6223 4290 183 1828 1505 6230 7523 9997 5058 6650 5046 7559
16 5598 6658 9469 3840 3215 930 659 6885 194 2721 3361 1238 2853 1374 5731 3288
17 3988 5359 150 7226 8973 5100 4117 5909 363 6972 6489 5845 1191 9577 9227 7814 8002
21 8406 2641 9274 3866 7662 147 30 1810 9983 8693 4663 2785 3401 7443 2727 2194 9336 7524 5682 8897 7307
11 5717 3608 813 5438 1607 1366 7369 6007 5159 5293 8226
10 8950 8323 3603 4938 9070 509 6987 83 1834 7206
17 9283 2942 6206 4225 313 9900 3843 1791 2561 1145 6129 721 8894 2094 5599 3688 4891
14 7862 7438 4356 4249 561 3242 8280 2918 3048 9203 7813 5854 4042 8636
18 6961 5875 530 975 8653 7162 4433 9607 2142 5980 7596 1172 5544 4079 8884 3402 2210 966
13 4842 7230 5425 9804 348 2797 2122 5073 3251 1140 811 5225 9467
14 6706 739 3891 2566 4376 3537 4798 9822 5163 8741 5444 4160 9766 8879
8 549 3990 6410 5303 6537 2924 9082 2758
19 3103 5948 6804 7255 2000 5170 5995 4821 8974 7130 1053 1780 1103 7878 4977 2221 3514 8350 4760
20 4742 8587 7357 4109 5025 8766 2999 1169 2515 8494 2309 4698 814 829 2168 6890 9660 8488 1642 4662
17 3457 7104 697 6029 2036 2937 9889 4696 7569 5317 5068 7616 8839 7257 9609 3679 8154
17 9216 7129 457 2409 7387 138 5210 6861 3832 8676 7299 1744 2775 9301 635 6 8138
11 622 8104 9631 4141 3940 883 1800 1882 1657 3933 835
10 5406 2079 7927 7870 2635 1667 6251 1376 6016 5672
14 6901 9864 4958 6359 6178 4357 5919 573 9147 7026 828 2770 2623 5275
13 7861 1512 9316 5626 1046 3981 402 6488 8811 6318 4514 5573 6111
16 3693 7319 3108 4065 938 4055 4093 6130 34 3059 603 7300 8341 424 8582 9747
11 445 8699 6765 1272 8167 9019 3552 1133 7964 6644 9476
16 2986 8459 9744 5291 7278 9478 9368 8004 3389 5403 8333 488 7834 4057 2845 7742
20 29 8586 5771 8791 2304 2809 9208 5247 1345 1796 3391 7500 5206 8269 1849 5204 9387 9834 4592 6675
20 3471 9985 4020 1910 8118 6213 7693 1979 2599 2634 5852 96 6759 532 6195 3627 469 1341 737 7391
16 8179 3104 4299 4137 9262 7778 5284 6560 2201 7426 9260 7950 1327 759 3313 8972
15 3555 9463 212 2077 7535 3146 2229 5537 9456 3485 1483 5834 1663 4568 464
21 713 7287 9556 1843 9314 708 4274 4787 1255 4591 7106 5524 3516 7776 4129 2046 8183 2679 5230 2724 2704
6 1866 3430 2399 3594 4027 4865
20 580 8449 7249 9680 2442 4485 5713 6907 8218 8025 2068 6478 6351 5752 5146 421 9214 9673 7350 7723
14 3281 9052 9320 6327 2799 1319 1440 8712 9601 3185 5720 2090 6981 8558
17 6456 8021 8207 9018 7901 6805 2565 880 6486 4345 1730 1927 6941 1095 3591 2818 7617
13 2020 2512 3068 5182 9190 475 9035 4384 6098 1709 3808 5019 9515
21 7640 2748 2681 5887 9477 9033 2667 7081 7339 1392 2844 4359 7945 9982 6732 4859 258 8043 6853 9545 2664
12 1105 5917 6896 649 7334 7566 304 2768 1610 2369 8825 240
16 2576 109 8786 7172 2178 967 6064 9816 1253 114 340 8678 3703 329 4158 7953
6 2912 6199 6192 3105 8192 1018
8 3055 3358 1520 7481 6700 8888 9721 2169
13 8731 8484 8892 2518 9182 646 8938 9566 9623 4515 1471 1854 978
19 1353 7553 1995 7683 9738 1441 1182 1004 2082 6730 2437 5625 8221 2826 191 4231 8541 7601 5175
3 8184 8296 1159
11 4788 945 6307 5535 9705 8128 823 843 2989 4667 1555
17 6228 2357 1524 935 6762 3750 683 8127 5805 8469 6049 2879 436 7568 998 4393 9061
10 4495 8739 2881 9492 1886 2011 3731 1876 279 5071
16 1269 892 5516 2982 7548 7309 8815 1296 7932 9509 6933 1641 8613 8519 6458 3985
18 5424 4208 9627 2305 1430 178 7564 3845 6375 1670 9453 7159 1112 5499 5150 8612 9638 3274
15 2015 6454 751 5169 3271 7091 1690 1606 4524 3472 6535 8790 2100 5953 176
20 9003 658 9267 6718 1550 3116 2753 5702 7915 1603 4264 8881 9591 4427 8899 49 6035 5714 3562 7183
19 1097 8024 3188 3375 7092 5241 9975 1912 8072 4916 4212 2943 9961 2342 7955 6311 7943 2691 1120
17 311 4643 1443 3469 4840 8817 8314 6337 9096 781 642 7213 2815 6294 9635 7161 4242
9 5341 6735 7086 4629 7613 4305 5312 4799 9454
20 1735 4511 211 4397 7754 6290 5389 7962 5840 6992 7963 3260 927 5896 840 1653 1510 4841 5399 5149
6 957 3208 7631 4088 3539 6185
19 4586 2106 9012 3066 7152 7988 2513 3925 9554 6565 2873 904 5691 4928 5003 7057 5848 8301 8100
19 4601 7711 8447 6550 5724 2602 5709 2829 5768 2400 2340 8438 4336 1385 269 7938 7991 3887 9765
18 3025 8435 9282 8521 9512 2613 1511 294 5188 618 1982 195 5518 3297 1969 6073 8123 7252
17 5304 5113 5369 7196 9632 5608 1741 6008 3955 158 8408 6183 8089 7436 8178 6721 6828
11 7141 2026 1804 7690 8379 3952 6238 9771 6118 590 9326
17 3564 7210 4673 3554 8110 6719 6593 8051 9843 7016 6027 3506 6040 3964 251 2322 5173
14 1528 4414 5006 1233 7380 1250 5550 1428 5243 7099 359 9839 6586 766
15 6952 902 730 8614 9497 9655 1779 7490 689 1668 186 3873 250 5496 1284
15 1209 9090 4196 9815 3054 9833 9328 235 5072 1224 9445 5423 9290 8078 5020
20 8342 6558 1564 3680 1631 3839 5632 9881 9934 8749 6308 1262 3006 2891 9426 1279 5429 316 7881 7700
9 3030 5818 4833 168 7323 476 7131 231 3928
17 5161 3170 3426 7382 772 7562 163 4533 6262 7107 2974 4081 1225 6991 4641 1304 383
16 6822 9649 4661 5699 1863 5766 3451 7498 6452 7520 8528 1108 8451 9129 9829 2839
18 6466 6189 3459 7648 4048 7062 8873 7674 7550 237 7495 6394 7051 7719 4277 6919 9025 8744
12 700 8158 9813 6338 9795 6601 5553 7989 188 1573 2130 8022
21 8518 8932 6304 9890 830 7211 4555 8493 929 3772 9798 3707 4900 3226 5432 7087 8647 1962 1019 1602 6505
15 5716 6123 6669 8146 1873 9199 1937 2057 3340 836 3961 1623 2638 5281 9430
13 5649 8412 6367 6120 6728 1918 8623 1807 2759 7611 9277 7758 4120
20 3743 2123 1010 9562 5650 1346 2875 8366 7701 1034 7032 9204 3096 4462 2798 4189 4731 794 9776 4311
3 3692 1973 492
21 6263 567 1030 1223 164 6078 876 1639 8705 7798 3195 1155 2824 2249 1801 1536 4649 4296 638 4445 4271
12 6039 2633 7999 213 941 3711 8934 1403 2940 9938 3279 5817
14 2008 1874 320 22 8294 9522 2953 7827 1367 9014 1826 3620 4778 5555
20 5018 9820 9087 9286 9951 5107 7113 4125 473 4804 7969 5196 3794 3600 6302 401 70 8898 8171 5937
5 5245 6547 2660 5665 6690
18 1305 6654 9306 4863 7253 1537 7604 6106 5133 6442 4512 4762 1243 5842 3310 9993 1923 8959
19 2247 3640 7372 5777 1797 9127 64 6659 3425 2498 5785 1382 3684 9124 6701 9296 679 675 9614
20 5192 3197 7428 6420 6398 2385 8324 2884 7143 2438 4335 855 8522 33 3441 7281 790 3723 8216 8907
16 9313 1384 6951 1240 1684 992 5914 6444 9269 1237 4952 123 4230 5659 4140 7986
18 2519 6529 3976 7666 4558 6076 8610 6722 3123 3913 6372 8570 5410 899 5395 5436 6603 7733
13 6424 4223 364 9455 4037 7544 6702 4408 5753 9317 4987 5055 3545
5 8559 9685 1121 9927 3021
17 61 6747 7379 3261 5064 1308 5420 4165 5595 1661 8577 3766 3886 2554 2456 1293 3289
13 4525 7186 6786 4080 6927 8719 5774 6449 5806 2421 8396 6931 7058
18 7229 2928 3462 1508 1762 2386 3203 8505 9513 7944 1094 2832 4367 9746 6782 1939 8556 2816
19 8102 1090 7000 3270 6305 4371 2972 5380 4660 7273 8889 6227 8497 2637 7395 1581 758 8862 8222
16 1879 2293 8346 802 1201 169 7811 550 515 8297 1157 6889 9168 5494 7182 7708
7 88 7716 1742 6448 7476 9827 6087
18 8728 4959 8224 8059 3636 8228 7456 4653 6696 1435 5850 6841 54 5129 2827 4364 5471 5065
7 2465 8227 5141 7565 7714 4186 9887
16 7109 3740 6422 9027 4638 202 5384 2254 7738 7979 5776 5130 579 5398 2185 4383
10 672 2296 7677 7097 3345 1309 5372 1774 4646 1452
19 5381 2788 3403 5756 6638 7134 5526 4159 1424 1525 6758 5346 5784 7664 6614 7751 321 3386 8877
13 8578 285 4106 293 9688 2226 504 834 4728 797 6242 3994 7996
8 268 9974 5983 1129 8311 7335 8740 8677
18 9619 7198 2118 1260 8529 1081 4773 9407 4407 8360 1707 3678 5932 2683 447 1207 9172 8174
22 3008 2422 6836 3966 4035 8595 7275 9157 6292 3893 8048 8592 2146 4313 9931 8836 2211 5874 2449 6350 7702 8802
18 4309 8489 2742 135 6710 4481 4872 1051 399 9136 201 1839 5549 9840 7073 2698 9304 8443
20 5970 3409 3396 57 2754 6491 6674 9015 8400 7529 9978 500 7201 6935 5354 5787 131 7151 4951 3619
19 7877 7846 3833 9429 3531 1710 65 6138 4351 801 5490 336 9580 5435 6212 1718 3458 8925 1848
11 4839 6662 874 4920 2212 8514 4616 3002 2326 6405 7049
16 9563 8020 3510 5602 7232 5422 5409 7940 9880 5747 3639 4361 844 7424 1088 7374
13 719 6956 74 9303 6743 7192 850 2328 5726 7694 2767 6441 5244
19 7799 8629 4630 3083 172 6048 7425 8510 7898 8545 9739 815 7607 1506 8891 4451 9176 7123 2361
15 6031 9620 3970 3901 1539 1283 4874 6030 7486 6894 4380 4134 7311 1318 5446
14 8520 2791 2495 6503 7785 120 3044 4768 2950 2739 3769 5266 3100 7376
16 8271 2963 3821 9735 3746 8500 6806 1383 4369 5136 2127 3934 2870 6914 1226 8850
15 187 6485 2523 8816 2140 1587 2173 130 8605 3923 3838 325 144 9499 7855
17 1066 3527 5517 5711 3482 9077 7712 1317 4878 155 63 9041 1795 9703 8580 722 3275
11 585 9473 6741 2425 8155 921 6677 174 7069 4292 6011
12 5335 1227 9595 720 8747 4862 2407 2 8571 3741 5125 5758
20 8175 8189 5954 4869 4318 3784 2045 1364 624 6530 8045 7128 9715 51 7039 3113 7017 4319 56 792
7 1560 7325 1021 2157 4040 6453 3626
12 9752 7140 5856 2605 4411 7469 1903 6317 317 9650 2410 3969
19 3580 3579 6053 3875 6340 9617 3227 9908 5911 3982 3878 9989 3177 4589 1467 1599 9097 6433 3087
20 7657 4583 3779 119 895 552 775 9812 1096 9671 9774 4739 6376 496 6109 9145 8923 3107 3204 6524
14 6252 3181 1330 3308 5143 4442 7974 4847 4640 7261 5813 8770 1646 2617
16 7911 6851 2649 2984 4147 9362 122 634 1765 5328 6285 1585 82 9860 5865 7348
19 741 400 9487 3583 2033 2652 3305 4314 7077 2994 8476 5383 9081 1808 9656 1115 9990 1892 307
15 6607 3067 1908 2651 2857 6793 112 8565 6660 8393 911 6365 5697 4795 3978
15 6649 8792 3445 4017 6121 8746 7006 5734 7995 4954 620 6275 3971 1087 3528
20 7965 5027 8713 7975 6430 4593 286 698 6714 738 5905 3019 4010 2318 1952 7165 5592 170 5538 6693
19 6160 842 1970 3112 595 8018 5302 1199 8475 4144 226 2707 4545 3727 2252 9024 3500 6507 4124
8 4882 8209 8902 656 5584 5861 4068 8563
22 2941 5393 9543 9696 4202 7034 2919 6013 8103 7407 5268 1714 8247 7706 2475 1404 5037 5749 9876 4446 8087 8131
17 4687 6924 502 9042 9742 1259 3075 8492 8143 28 2553 7511 3797 587 8453 8044 4310
15 3607 8458 8462 8536 4101 5952 8014 384 2688 337 486 4729 6481 7937 1437
7 5497 4536 499 5880 4316 1901 6753
16 2774 1530 2690 8989 3190 1325 6681 2978 184 3881 717 5641 9540 8538 2243 4846
12 2432 2589 2975 3050 3616 1381 7518 7427 6148 298 3588 5825
13 4829 6134 5992 4970 3813 2555 5546 7279 2878 4811 4 6271 6479
15 113 6752 7637 5712 4704 4744 5878 7755 7645 4190 3397 3061 1205 5013 1545
17 8395 4537 9030 6771 9681 643 1292 5039 8616 305 5706 784 452 4315 9146 4803 2773
11 1178 5124 538 4518 2955 1486 2820 7170 8849 1015 9637
8 6002 1883 7117 2718 791 7228 4911 976
11 8773 3182 2947 760 3306 5924 7739 2219 2492 1055 2813
12 8292 7108 9644 2116 3016 4395 8392 3272 6246 3559 181 9417
15 9207 9128 409 4953 4089 6056 4701 686 9866 569 712 5977 1003 4424 8818
16 3239 6493 6756 5955 2060 853 6582 8807 8344 7960 7200 746 8082 1359 4962 1577
13 9847 7993 6208 4366 459 7727 8646 3447 2354 2459 5199 351 3638
19 7475 9733 5060 5540 7668 7096 4944 5534 2078 7101 2712 6661 6408 3143 2259 8641 6288 8232 3128
20 9411 8848 5307 4099 352 2901 9444 3495 7619 344 6549 2002 4434 2013 7722 2312 6789 6191 3931 9690
14 4644 5951 6333 6146 914 1941 7439 9728 6761 2458 8249 2609 1006 8499
12 2920 7088 873 9709 5950 981 1507 2604 5011 8429 8594 9573
18 2944 5285 782 2741 300 2156 7920 9593 2039 7047 6154 6166 8046 108 431 9918 2276 2307
17 4094 394 3849 8309 6563 3169 7370 8551 6226 7333 8065 8706 6468 9067 8452 7537 1009
10 3629 3311 825 4658 1355 9561 7793 7972 5631 5973
9 1794 166 2657 4826 1627 1152 388 9321 9868
20 7429 1492 206 8823 7787 942 6597 2397 4550 8136 774 4173 5132 5828 2064 443 8137 1547 4185 9198
18 677 6656 9768 332 572 9564 9652 9826 8961 8115 7160 2514 3243 5283 6482 5604 8163 3618
17 6724 9452 4815 4250 6438 1557 1215 7633 2248 2710 4631 3801 5197 2703 3172 707 6221
7 6670 7948 9210 2200 7783 7649 8775
11 1757 1170 9666 1186 7284 1126 8096 4723 8430 2540 4178
14 5440 7687 5466 8588 267 127 2866 882 4908 5051 6993 1951 3478 7283
16 9670 3176 6202 8079 2473 189 395 9722 3980 331 3109 4284 5581 2794 4091 9909
12 8878 3193 7328 2030 6531 6417 1408 7001 9937 8375 818 182
18 2571 5227 9495 3972 5187 7276 1864 1368 5730 9629 1068 2124 4298 6193 6291 6676 2441 2457
11 9976 1323 7406 4733 5539 2480 1531 3722 4420 4716 4918
10 8420 6877 9078 35 4786 8686 2346 6258 9532 667
10 3442 1803 3079 1328 3487 104 2662 3649 4193 3207
9 3321 4945 5873 2588 265 13 7586 8331 3456
12 219 9544 5636 6645 3770 969 1166 5373 958 2563 5513 2055
18 9901 2426 5541 5477 832 9265 6161 6389 3072 7313 3374 8537 1798 6300 4162 906 3631 562
20 9913 1628 9065 1583 711 7516 9155 7326 7505 4452 8181 6918 2723 7452 8696 4157 8980 7824 7460 7676
21 6044 2143 9144 1723 1496 2453 1117 2281 1012 8650 4993 600 9367 8066 8092 1617 3327 9215 7011 3032 4041
19 4078 9347 7546 5663 2551 1415 7872 2713 7007 1314 1622 609 9404 9875 4269 598 2300 557 1202
19 8310 3049 3773 6413 9450 5751 7746 2260 3895 8150 4368 6249 2454 411 3872 5368 1898 398 2273
7 9121 3217 6354 7850 1938 948 5571
13 4008 7064 4575 6255 9625 2952 4171 4006 971 9184 4295 980 2840
18 9581 271 5017 6729 8652 8164 4939 9361 6609 8673 5738 1413 9606 1303 2277 1677 4348 2117
20 303 2424 5510 5214 1518 7685 6357 3205 6067 3454 5587 6995 6400 917 1270 9599 5580 2321 1204 1150
18 1335 1637 5746 8254 2787 2900 990 4775 2796 3356 77 3013 3662 1347 2550 9169 5988 4929
21 9020 5034 1955 956 2245 4587 4639 691 9370 1470 6880 7353 6429 3587 1703 6107 3520 3522 1230 1418 3965
8 9291 8566 5507 9549 3414 9410 2053 4023
6 2176 6934 4288 2886 8278 4241
10 7013 3159 5360 4960 2018 6194 2251 1488 2134 7681
13 6767 1625 5120 5352 4021 6744 2257 9253 4556 2905 7906 4553 9380
19 8675 627 7373 1222 1331 4617 3228 2402 4805 997 4745 4148 5467 9154 9646 749 9915 1425 1881
18 1993 8376 4848 9769 8219 146 2817 8809 5040 8745 7551 4389 6395 5236 3095 4927 3903 9472
11 1315 8302 7779 5379 5357 4176 8322 4726 5345 1052 6170
5 9707 190 4467 9366 6686
10 2278 2899 5089 9874 1977 8951 6283 9496 7122 2448
12 1563 7207 536 2670 5733 6628 5492 1877 2133 7356 7404 6623
11 5299 8149 4352 4062 8760 1681 2595 1956 8372 5280 3643
18 6783 3005 9412 8410 4028 2981 5486 4237 3777 7752 3713 3153 4422 5928 8384 2677 9677 7405
21 9979 2006 2539 6316 2686 3435 6081 6379 3295 2614 90 3234 6667 4719 5703 2136 1234 2656 2286 1020 5456
18 8509 661 7574 8419 330 9375 5803 2948 6683 9534 8821 2155 7225 4444 1128 1731 9569 204
16 7463 3249 513 2717 5394 3894 2144 5722 8922 9726 145 6598 9486 2814 7641 302
17 1815 7082 128 8915 3502 6346 6197 3661 9250 6332 5164 7765 3015 7297 3791 9334 3346
16 3696 8800 1875 6920 9213 9224 9886 3214 1632 4500 8180 5869 9956 8838 327 3737
16 6633 8073 4029 9923 5014 8239 889 4903 7528 2569 1242 2689 7951 9259 9131 6051
7 2327 9459 1084 8463 4338 4683 7820
6 4377 5615 1869 1399 831 1562
16 610 1734 4761 3325 578 8033 8918 9571 2903 3412 5707 2726 6844 3652 7789 6870
11 5693 5572 6360 7686 3729 87 1694 4861 6521 8718 4392
11 2507 1251 4875 8772 986 91 5764 6591 9383 2922 6494
22 6412 3148 3910 6473 1634 2434 177 1098 5001 2645 4770 2991 6370 765 2363 6508 4416 2583 5855 6750 7825 7204
8 2135 1784 6164 3605 9527 1311 5441 1038
10 2949 7020 1959 3993 5238 4689 5154 1342 7015 1410
22 4098 315 41 5816 2464 5576 1257 9724 7865 2945 9780 8738 80 1401 6427 2976 2196 3518 1210 136 7035 526
19 1543 7114 3601 1221 1102 8804 9505 3765 3443 2244 2433 124 393 9271 7343 8168 2821 4069 2163
7 4066 7346 4219 6858 5969 9916 1540
9 489 6457 4910 1640 1252 6399 1067 5376 5586
13 6403 5557 1461 6085 8325 6906 6054 2380 2574 5521 7154 4490 2597
8 3156 666 2612 6619 4092 2524 3822 4483
13 5902 9137 7248 208 2126 2969 857 255 2364 253 3670 3440 3861
6 7468 2460 702 8008 4432 5791
13 9393 3540 368 4626 4501 9236 7450 6334 3126 3335 757 3857 6994
19 2429 5654 3073 3842 8609 7216 6932 1871 1519 1351 2403 8084 9528 3080 6080 1823 5415 9196 955
16 4984 1363 1963 5433 115 4353 947 6863 7605 3519 1575 4413 4172 4909 8337 939
18 4494 7704 442 596 8445 2675 8316 8063 6459 4621 6637 5319 4707 1144 3945 8654 8947 5460
6 2828 8967 8090 2329 9753 8618
12 6418 3329 4665 8637 6498 6024 23 8144 3388 8622 4725 6461
5 3667 2736 5232 1247 9461
8 1515 1024 5996 2780 5240 161 6544 3286
13 4056 5332 4043 4258 1621 8365 7485 8684 7606 1570 9396 59 4622
12 1992 7320 1142 6352 9171 9846 3624 5305 1042 9740 8847 8279
18 7928 9935 277 1830 9064 6026 952 8801 8963 5313 6776 1165 4748 6259 3492 5760 5790 1948
16 9698 3196 4164 1111 4605 254 6306 4906 4902 7976 9969 505 6624 2747 807 8377
11 6965 7347 7734 6636 4816 2469 4294 1336 3265 6465 7713
19 3410 4455 1267 6985 1263 4119 6386 8826 2341 333 8828 5938 2929 4174 7489 6569 2019 6260 8169
16 6361 5990 8784 6392 225 9858 7176 695 2854 8387 1890 4192 7390 5296 465 1658
20 4435 4428 8573 7572 6903 660 7315 3896 8182 9302 232 5943 3091 7487 480 9568 4354 8363 1439 1691
6 2418 9873 2985 762 3690 9536
16 8640 5387 1697 4830 9232 2534 2715 1770 8050 2232 7514 7359 2161 3742 2203 7968
8 3869 9405 8979 1054 8088 8808 5504 7214
14 4090 5491 9602 3541 1949 6639 7457 4301 900 6546 1841 7766 8211 868
14 6269 8978 9579 5725 4942 6608 8525 75 5927 8441 1301 5508 3880 4077
16 6694 1421 4291 2585 4497 4491 9687 8688 1307 1371 3525 2890 2812 7112 9700 8700
14 5222 8277 565 3398 8695 7169 5770 9810 8242 7137 420 5936 1608 6018
13 3253 1372 9401 6879 3844 1616 1244 3280 1419 9971 455 710 3035
17 2531 5112 3317 5732 5036 9062 7573 5134 467 803 7233 2855 648 2786 3858 8113 8910
11 5881 9851 3557 3338 7453 5489 5077 9818 6210 2848 2671
9 474 7575 7658 246 783 7163 845 5265 8217
10 3708 8304 8241 6388 4931 5812 1614 5029 5408 8797
18 5868 699 9559 6220 9130 2640 7103 4832 527 7788 4831 7121 5378 5121 7577 3405 5476 3259
17 9084 4546 2198 4782 3879 7448 1101 1476 6181 2268 7195 7280 8655 1991 3836 1137 1378
14 4873 3424 4720 6173 3290 508 1598 7384 3595 2099 796 7111 2280 3819
18 1228 2511 47 3119 3326 3930 1891 4899 1050 701 2102 7254 4576 6383 4466 4769 6911 6342
8 2166 3368 6474 3232 6579 3909 6190 2658
18 9187 9191 9805 6058 9118 2930 3669 4824 3115 5167 1945 3164 426 140 1213 7138 3480 3617
16 554 1984 209 5783 6643 5008 2125 4535 1533 4116 9338 5653 4350 4047 7166 5110
11 8564 3160 9109 5642 7191 2648 2228 6184 7331 9170 8727
8 6900 3384 6245 4585 7816 350 2990 7773
13 1332 6159 3017 1175 92 9044 9058 1669 8607 4883 3724 6439 6534
6 7227 390 6045 4203 9940 5646
16 84 3651 5049 511 6182 7856 7066 52 2607 3645 2213 1116 2215 3806 1099 4417
18 6780 5721 1460 9037 8094 2395 9844 2910 1513 5522 1432 3268 2746 7696 31 2289 8870 9390
11 3655 7768 9634 1529 2387 9178 4391 1158 7600 8710 9120
6 9626 4648 1986 9179 461 1855
17 8698 9503 439 2577 529 8378 4045 9054 6678 1316 9173 6892 1552 341 1522 9281 9781
21 7956 5358 5282 3542 66 3513 6832 2835 754 2205 4464 487 5270 4975 9525 7539 221 9 8701 391 5543
16 5343 8274 9353 1365 7643 9754 8250 3521 8196 2803 44 879 6147 6595 7467 2650
18 2695 5237 481 3717 1685 8555 3062 8798 3999 1058 3448 2255 960 5972 8380 6664 2049 7
16 8086 7224 2440 6825 1455 1393 8108 3130 3628 4674 1615 8056 602 8404 1705 4783
8 2324 4255 2992 6023 8303 5931 20 4695
18 3697 2711 5554 7557 2207 9458 4714 2370 744 1740 2336 4341 7780 4005 3848 6748 5273 9922
19 4379 5743 608 2783 6538 6336 1110 3173 8470 7351 7417 5195 5203 3206 7079 4697 2138 805 2208
11 6913 3024 5920 1686 1160 1787 3776 6679 5645 110 1998
16 3168 2520 6536 2731 9576 3418 5910 1840 2740 6855 3089 652 6573 9123 7731 6559
18 6843 5487 9869 3565 3807 2209 175 485 6915 4642 2526 581 727 3363 2310 9507 5179 7173
10 7188 6377 548 7158 2628 1809 6470 9517 2073 2914
15 6794 1588 3022 5375 4971 7381 1736 6225 7736 236 9986 3718 1261 8957 5111
16 4877 2074 3038 1565 4236 9221 6625 1163 1405 9500 2472 4516 5388 7002 343 3656
14 2356 7889 9011 9164 671 6967 1846 8407 2622 7809 3349 9831 4374 2170
16 6139 6004 839 152 6244 4105 1431 9292 3919 1187 1131 1645 6273 2961 1559 4509
18 1407 4200 1313 3906 5287 9516 7726 5411 9029 2911 3497 5588 1390 6955 5057 3892 4103 630
17 477 1674 933 4880 105 5901 6983 3747 450 291 323 60 3422 6434 5857 1758 3033
17 696 7792 4507 1106 7636 1109 979 9734 6312 693 7590 3467 8794 2014 301 6241 2627
10 8213 1100 284 9392 9388 310 1077 3400 3064 626
10 8787 4170 9385 8530 3778 6746 8788 4996 2032 8543
5 7709 7314 2167 3477 1880
6 5858 3475 32 6705 1817 5370
8 3647 8201 4304 3653 3252 1001 7795 8036
8 1447 6455 4011 4181 1454 3110 3120 9932
16 8630 4184 2537 2333 5366 1790 7142 5102 9400 5427 7667 2262 4054 7289 3850 9005
16 7399 2436 8448 3047 5228 6618 1348 6157 1953 8077 625 4721 5095 2502 3812 2843
17 7849 3029 3786 9575 8768 2578 2867 5386 1702 2522 6506 1076 9648 7219 2408 8535 623
