30 9475 6190 9366 477 7416 9322 2359 7467 927 2624 5068 546 7377 2852 6337 2424 2060 8498 8461 1931 3142 2861 5089 5243 8045 2398 2703 24 4956 1637
29 1808 5388 5069 5127 5333 375 5058 7866 8377 1679 4040 5501 741 4402 9367 2982 7795 4482 5246 6394 7226 8676 7600 2294 4905 6932 7729 2215 7534
29 187 9696 4989 6890 1700 2147 8281 7054 1411 6331 1207 1861 5699 3124 7792 1094 9196 9323 7353 9928 6035 9102 8719 9364 5158 8110 4680 4268 9163
28 2586 9692 6595 4909 5968 5797 8756 6309 4545 4388 1189 8859 8536 3464 2845 9681 7750 5692 4086 3077 3564 3053 1297 1375 730 8596 6235 2791
29 3448 7545 8971 5675 9073 3036 4903 541 8036 9499 1680 1557 8691 6908 8109 3389 9011 5755 5131 4853 165 6645 5824 9813 4961 4840 5948 4345 7348
29 6198 2414 4797 502 1863 7482 8726 4394 6919 4413 2286 6318 3563 2017 5122 9729 775 3359 5415 6314 9137 7293 2669 8323 1594 6159 8290 362 3708
28 7277 7781 2554 5129 4400 5313 8957 7751 3711 3481 7503 8189 6187 3061 2300 8276 2181 7141 7956 4022 9305 312 3112 6818 2572 3467 1001 2480
29 9392 9440 1330 1614 6922 1994 6866 3882 2071 1104 7771 1960 1544 6892 1517 6350 56 9487 6775 742 8570 2102 5019 7376 8567 2712 9767 9403 7756
29 9053 8085 6879 6402 9095 9241 1487 4089 5168 5028 3863 7076 2685 7612 7363 6698 5199 9567 9611 1940 668 1782 9508 8747 3859 6041 8986 6149 4977
28 7678 9446 5973 8625 8261 215 5052 4472 4341 7462 5304 8821 7549 1249 1439 9066 2070 1246 4649 9271 1922 3676 1633 787 6654 3226 3872 977
28 3153 1271 7329 9052 3623 3118 3917 3203 8322 9883 9067 4290 2495 4423 7276 7556 2312 5651 6528 7940 9132 8449 8690 1576 1115 9452 8216 8629
29 45 9488 8835 8513 9884 8584 2439 3170 685 465 7536 4028 3134 9792 8341 6841 6953 1640 9641 176 4709 2438 6489 3081 6709 5548 2895 4771 7527
28 156 3902 9826 4481 3746 9752 7158 7891 4953 1519 1986 8222 8435 4161 4351 1488 7932 4534 9597 9028 8881 1506 2434 3214 9710 8792 8240 9255
31 2995 2823 6319 5653 2399 6445 1264 3703 7944 4672 8398 1301 2867 7282 3360 6508 6156 4072 1828 5252 646 6777 2172 6196 6636 1718 5864 9041 1369 6810 4678
28 3187 1143 2152 3598 4050 8072 2710 2771 6944 4785 4243 2124 3303 5994 6895 4207 5567 2133 9316 495 7497 206 6241 149 20 7214 6960 8351
29 5371 1599 8177 5134 1597 6876 971 1151 6562 2892 5023 8260 9051 9233 5606 8355 2226 8336 8291 5179 4198 885 2856 9523 8637 6667 5375 9873 4964
30 9151 2563 1468 191 6889 2747 9165 5637 2027 8874 6715 6918 8144 781 6044 4365 4549 3376 1941 9473 8705 725 7389 7480 8606 8695 9613 287 3829 1154
30 1408 3025 3972 429 2578 238 8913 9583 4003 2722 21 7082 4892 858 6026 30 388 3571 5123 6307 7504 7686 9859 8742 7289 7164 3421 3957 6647 6207
29 9738 6891 6001 2855 7191 9520 5867 5742 2142 2538 1226 9703 3121 4546 6591 6220 3837 4010 2271 9516 3843 8209 543 9977 6713 9563 3522 3826 5392
30 5876 7735 8657 5345 7707 6718 2138 7359 6547 4370 3637 4687 5768 4425 8255 7431 2326 4496 3184 4742 3600 5743 2363 5445 455 415 1655 870 212 5885
29 3216 7539 450 5895 4716 4887 1804 8001 2542 3565 3484 1389 709 7043 3723 6786 2419 3327 6839 4711 1251 3990 5184 6534 3993 937 2620 2582 3227
28 4052 1846 416 8778 9967 6016 8834 8463 4079 1290 9654 3435 6941 1308 5356 6802 762 1656 807 154 786 520 3586 9766 6327 2345 282 5644
31 7418 7006 8870 6871 1421 8439 1133 4828 2679 9220 4334 9012 4002 8826 5833 7893 938 5487 440 7632 5630 4203 1699 5217 4999 9667 2094 1464 9968 7996 5107
28 4935 8207 854 3172 3050 8266 2868 8646 7693 3989 8253 8931 8512 2428 9712 4737 1495 444 9511 7506 1949 8065 8706 8823 1227 2881 3956 7555
28 6056 7256 1062 9227 9286 1961 7327 6817 200 4363 3110 2643 5198 5132 9609 5026 505 2684 9911 1334 767 9879 6139 1786 4820 4674 3159 9154
30 9058 2191 1437 5185 6407 629 610 4377 8914 6584 8122 7039 2355 9135 1482 7018 3605 6302 4085 3244 5602 9234 2764 6848 735 5615 9679 9748 9918 6202
28 8598 8698 3991 3312 4046 2049 8293 5670 8506 4264 59 1630 2066 7321 9024 1496 6180 3046 3433 8457 1478 9486 4270 7154 806 9505 1503 6441
30 9351 2146 6687 1670 9128 6283 5654 4858 1904 9240 5183 4888 3825 7554 6388 1914 5373 3409 6009 2488 5636 6896 6662 1129 113 2104 4479 3138 6639 8395
29 8544 9360 7569 8503 1745 2144 7086 6112 2680 4527 7336 933 2408 1091 2759 8882 9564 1848 7476 5605 6468 1072 5649 1686 5795 677 3030 518 7162
28 681 1833 5245 4937 780 5360 3741 1821 9870 5508 8214 2188 3686 5839 8490 8051 3895 2806 4763 8822 7057 622 4265 2328 6920 1015 8589 6055
29 42 5944 2813 5751 9751 3411 1055 572 2247 7045 5055 3402 2897 6352 2645 7167 3067 9525 7563 1164 867 8342 1311 9557 6059 2716 119 4712 7264
29 2150 724 9850 563 2350 3557 1276 7412 7541 739 323 9910 8907 4825 4343 9299 9598 9427 6288 4133 4668 9715 2566 2751 8994 9894 5374 3530 4644
28 4189 1312 9470 4535 5598 9258 4948 1440 4874 8211 6800 7863 8659 2004 178 8475 7778 4780 7314 9009 9265 8951 5380 2667 6153 6881 3038 6246
29 102 2847 446 5696 7845 8368 402 5296 8783 9093 1899 7830 133 6375 8780 112 6962 2118 2208 935 6243 2476 898 2383 2422 6052 637 2901 5823
28 2849 9814 6347 9506 6620 837 4694 80 2525 6795 3742 1889 6510 8094 3942 9673 6384 9046 7628 6469 748 423 8965 3527 2510 8582 2850 7775
29 6440 5798 9992 5815 3 3275 3804 209 3544 9203 3379 4591 4547 198 2010 4477 5790 8158 3088 2662 1992 7269 5437 1841 2626 9698 4827 6974 411
28 9822 9858 9868 5113 5349 4976 4495 7878 8000 4055 4898 6191 5803 6182 9177 3897 2740 4321 3880 5853 5871 4859 5776 3848 2211 6673 9100 8753
30 6428 8404 4060 6482 6150 4784 9391 7464 9107 6163 8150 70 54 5852 430 6006 3211 8529 716 9726 9807 7571 3270 8456 3084 6325 7156 1550 1399 2494
28 8103 9890 7216 6819 1175 7383 4030 9394 243 5293 4292 4435 8106 109 6945 8871 4819 887 8156 8098 4007 3691 4485 2065 7705 8750 2467 5561
30 7849 1204 8654 2916 1608 9777 489 1322 8292 5090 4163 1000 2548 9739 4090 3747 9122 5037 9776 7732 3967 9493 6840 4319 3729 9208 7856 9388 1315 1635
29 5835 2996 9037 3385 9416 1239 4076 6057 1064 3069 8668 5420 6378 7809 7058 2287 6306 3596 2420 8403 4253 6158 1183 948 3014 9774 1150 6942 5517
29 5482 7642 1348 61 6748 2664 2053 5228 484 2281 6606 1228 5106 9303 6457 2464 5565 5239 5628 8563 4770 9357 9603 3224 2812 8117 3653 2099 202
28 9106 2156 4057 7581 8273 8663 2429 185 9437 5510 5687 9593 4456 3094 8436 9877 4656 5464 8304 438 562 7034 298 6478 6833 5787 1638 6806
29 4115 7337 2069 3855 2841 4252 1009 2853 194 7268 7466 5818 9370 2632 9359 9312 6518 7823 1286 6193 7599 5172 2284 6 4571 1634 3758 8443 3517
29 7318 1466 1425 6992 667 9273 9980 4627 1770 743 6567 3364 2656 331 3807 3889 6453 2695 6725 326 1394 3793 4810 5140 809 8845 8195 8402 2155
29 8044 2086 8415 5112 2253 2701 6710 7896 9186 5502 8877 7195 2923 9068 568 9876 6924 1195 4389 1582 6937 8280 7659 2454 4337 3355 2807 2952 6614
29 7138 1788 9695 1860 3582 1631 5522 3348 3803 9289 2320 4497 8437 7312 2730 6706 6607 1858 4162 1619 3052 5762 7902 8510 7094 4532 1891 2879 4331
28 1134 3240 9957 6151 8464 3009 53 4597 7338 9149 7709 9173 6814 1972 9217 9716 9047 1341 8107 1884 3935 6109 9602 441 8554 3959 4998 7568
28 9581 1752 2442 7244 8234 4104 8494 8911 9949 4929 8369 4136 3819 9411 3920 7888 3960 6120 6682 6803 4102 1570 2694 5402 439 6755 6142 2518
28 6570 1387 4773 6509 338 5883 1593 4809 4938 8025 2725 6582 2606 7104 557 9421 1977 6946 4924 3751 9319 8521 821 2405 2311 7726 1739 2217
28 6781 9764 9104 9732 8540 4156 221 7201 4642 6473 1039 6033 5292 4930 5962 99 1469 650 6967 6270 1078 2529 7128 1728 843 5667 8768 7911
29 3183 5703 8386 4099 3620 6844 9803 0 8441 2919 3144 8245 4914 5874 6716 4317 2187 1169 2113 7447 6247 7 1455 1497 5232 3547 4561 3008 8096
28 3592 3076 3258 3560 1429 8966 6658 674 3802 4272 1493 2705 710 382 2741 4700 8843 3056 3973 1356 5576 4848 7520 2691 12 7008 9697 4184
27 4467 1764 6245 1590 7650 1923 1198 6409 8262 5382 7753 1003 8020 6208 4258 4438 3790 4894 7716 6194 4484 7512 8542 1333 9765 3062 4014
29 6599 9543 3551 8286 3867 9033 4355 5167 3934 1326 5119 4945 8335 3926 5093 1052 8759 6403 2660 7127 4429 4932 217 5120 9020 5725 5471 3468 3870
29 9413 1942 8903 7969 60 8549 3242 2232 2961 734 7243 1182 2416 1847 8135 1736 1403 5385 7479 8452 5004 2199 2285 1957 9148 7789 4791 4063 7010
28 3491 3827 9591 1139 3518 7485 1300 6522 6186 9126 9970 7935 8855 6684 305 3657 7514 884 9480 5099 8361 9472 942 5946 2627 3979 4962 7899
29 6430 5645 5503 747 2614 6681 7668 7538 499 7993 4542 4941 4582 7949 8066 8148 3400 4164 842 508 122 4920 8635 8929 5294 6308 556 1350 9343
28 9168 474 1285 1822 2085 5990 9121 9762 2318 2646 8153 5249 3849 4578 1063 1887 3113 4143 3549 3738 1814 7892 1112 6324 5633 8501 7322 900
28 6229 8472 5213 3659 7295 1016 3722 9238 1194 219 7942 6354 7007 6272 7035 8688 5880 5272 2592 853 4528 284 372 4105 6783 3697 6955 4978
28 9159 7794 3681 8120 8053 8766 3949 9406 4589 1427 2373 3631 4179 1406 3477 6362 8087 5957 1471 1901 155 293 8179 3727 9912 9003 2634 6627
29 2870 8267 1196 3921 7976 6767 5796 2762 5772 565 7036 6590 9466 6114 4199 1535 3567 3293 9867 1970 2733 6391 8127 7228 4646 5870 5859 7654 9741
29 8172 816 910 3694 5244 6280 5580 4251 9554 3388 8652 9689 6849 8661 1223 9931 3662 4310 1216 8208 3597 9369 880 5359 7991 5734 371 9860 722
28 2223 9561 9202 4896 1178 15 9407 3587 2233 8603 886 9780 3147 7242 1552 6539 8319 912 7373 9105 315 614 4255 4798 2834 3931 8360 849
29 6096 4830 6610 6475 4436 3455 1236 3335 8249 6740 8466 8623 1880 5579 3568 3180 3599 2231 4070 4604 3792 3497 3626 8243 2990 2514 7002 4881 7641
30 5588 8896 5197 7335 8083 3845 8526 3486 2470 5838 3850 8808 5291 9228 9845 7099 2581 7081 536 8199 4846 6641 723 5873 5665 7923 8776 5789 8479 6090
30 1179 7313 7946 6093 7449 9123 2236 9467 6747 2601 1671 9917 5124 5913 680 4851 6134 4838 324 8233 9897 7627 7311 8962 6317 3239 1263 6821 3472 3634
30 3873 6557 552 874 1024 5705 4514 250 7317 4931 7291 4818 8616 7308 5015 8348 4112 7236 5340 2362 2750 9275 8428 8647 2063 251 990 5970 8180 6575
28 4065 6668 7031 8566 7867 7715 7061 8423 8638 620 4728 5791 8722 580 7075 9810 8029 4305 5920 2366 2190 4336 3111 7542 9927 1027 1367 6906
29 3636 7613 1040 6003 6275 4718 6551 8673 5887 2175 893 8089 4344 4132 9448 3753 7758 6353 2321 772 4725 1987 6089 3947 6569 4459 5276 4516 537
29 2584 929 548 1036 5855 9115 3346 6036 7392 4174 2931 9993 7941 4601 3028 270 1840 8757 7003 6140 6131 4968 1731 4884 7791 8416 8298 6732 3952
28 4182 5097 2954 5632 8936 1441 4975 5163 943 6711 9815 1292 5118 6484 2939 1819 7626 2886 9901 8048 3223 4000 4505 2721 1361 5780 6269 8805
27 577 4922 1805 1862 7109 6421 2295 1160 5439 4900 5603 7009 1796 4748 1413 1383 4043 3371 7070 8021 3593 351 485 1981 8731 2814 3570
27 2717 8299 9166 487 3417 8108 6007 6389 9660 7651 3277 6098 3136 8883 8550 3939 5205 6759 6957 1357 7665 6273 4008 6867 6762 5029 7272
29 9371 6980 5721 7864 9899 9097 5022 3103 6312 6515 7305 3515 4379 1870 9800 6321 3512 6315 6792 5061 1090 6108 5085 2250 1947 3760 4461 6390 8465
29 3831 8502 1364 5914 3866 6278 7016 4231 1944 6535 1259 7522 39 55 5761 6670 6594 6617 2929 976 8312 3658 2875 1443 6248 2866 3120 8092 98
30 4891 4107 6729 7638 9811 5460 6481 9909 5784 4190 5763 1837 1723 5281 8278 8149 2372 9264 1632 8626 2827 8064 7657 4296 7306 9713 2448 3101 5877 9914
29 4768 1925 4994 3698 1197 9629 8924 939 1127 5235 615 4544 5488 8115 7739 5943 2593 2975 9896 348 7786 5145 4403 5016 5275 6028 8774 5410 5255
30 1566 4574 5475 40 7151 7180 1093 4350 6470 9531 2835 2651 2370 3879 3944 4471 958 8210 247 4861 2515 9834 2579 932 1580 9900 3289 9829 3080 6422
29 8078 8545 2241 108 9735 5020 9856 365 9393 431 8325 7802 5000 3246 643 1664 5594 9596 2521 2259 672 7548 9331 2336 1454 7106 8487 6842 711
29 3039 3968 5846 7458 4249 6520 6727 2136 7111 5523 9690 3035 5289 8938 2817 6692 4934 5806 4261 9846 9226 1703 3133 5225 7683 1765 574 1533 1177
28 1717 8948 9951 5128 2906 919 2258 9485 1420 3675 5035 8047 1319 3368 4551 8095 8867 5399 9701 6381 6913 1153 10 2964 3988 2959 1136 1773
30 5959 804 534 7689 8049 1220 1913 1689 1735 3158 6037 2522 5480 6948 8007 8422 9617 8028 5236 6827 9088 433 5735 11 3426 4531 4291 8959 6650 4275
28 7320 4980 182 7648 2930 5714 2591 6738 4325 5142 5592 123 4382 5379 6545 4693 7217 4475 1084 401 317 9063 3841 3661 2571 7843 6830 5208
29 9191 8561 846 6294 2469 2186 3266 7406 1222 9675 8728 7037 1460 8605 1761 559 8860 335 744 8331 7646 2455 6679 632 651 497 8236 6264 6835
28 7653 8653 5077 8324 8820 6379 9599 7356 5769 4958 4178 8976 2900 5664 4128 2508 7673 7585 9779 9521 8030 6420 7977 8203 1119 4895 5216 7774
29 2758 1415 2000 1772 3177 9874 4313 7227 9327 1431 6574 5811 239 805 6418 7763 5541 5003 1903 4987 5494 3413 4121 8811 859 7107 3664 4256 3531
31 3660 9960 6497 8080 7253 7579 5945 5706 2637 1174 3234 1852 84 1919 6601 2560 4139 3499 7829 2128 6505 864 4626 8508 9569 3352 4138 6637 6633 6061 8799
29 4611 4260 551 5997 8530 4192 8381 3040 3429 230 4856 7706 8861 8345 7112 2077 131 5081 478 1563 4606 9574 1232 9004 9170 573 1079 4235 2994
30 5266 2198 5334 4870 3373 593 3731 8968 8645 5935 4241 2426 4147 3199 3894 5095 1567 9021 8396 5572 9000 7137 3823 2437 818 196 3148 3366 8683 8694
29 3190 3198 5756 8297 7230 4834 6292 8050 7278 6162 8483 594 2474 9222 8142 7012 2283 9387 9653 7684 3466 4508 1162 9450 3800 6169 8011 2594 2661
29 389 3832 5149 4068 6030 82 768 4673 6419 848 257 4657 1618 345 4288 7238 2979 5484 2174 6087 4863 129 1827 2545 5819 4228 8682 8619 9768
30 6261 7760 1247 5156 7161 6313 1612 5925 3489 3500 1089 4431 2178 2998 339 1662 9666 4240 354 7961 5335 2958 9479 7498 7342 7463 7951 1184 7718 9604
30 3922 4349 8170 9891 8204 73 319 1541 2179 4559 8147 5963 2262 412 1170 6100 6119 3013 8420 9875 8397 1605 8411 5709 37 7616 2828 1255 7805 6301
28 8858 688 9942 26 8327 4629 908 2129 5315 1032 6138 4375 1097 4602 4167 5076 3204 5495 5078 5094 9638 3023 1874 262 9535 7861 4767 7417
28 9888 1595 9743 8875 1059 9937 2920 8873 5878 8477 4064 2887 2314 9261 1706 1606 3805 8684 463 3357 3750 8388 1878 7121 9030 6371 9607 8636
29 8033 4398 4433 8481 6961 9772 8681 9665 8577 3777 7812 3546 9952 8956 9118 3461 6968 4522 1950 5655 7634 2605 4075 6751 634 5231 2273 9296 3107
28 5254 2091 7984 4318 2430 7957 2018 5587 4630 6872 1622 9664 5417 2973 6502 4335 8667 7570 7783 7160 364 6101 5039 8515 8068 4890 3422 694
29 8141 957 7448 7752 5207 1260 1794 7800 901 5277 3362 560 1747 1261 3441 7853 1057 4946 9706 549 1065 8354 2421 1900 889 5937 9293 3633 2504
28 8786 8468 6888 5153 2141 9096 4183 9439 3905 4110 7473 7423 5689 4074 585 6629 1613 5989 5986 8856 6031 1529 5657 2046 6506 3345 5953 1911
29 8725 5801 2785 7120 2479 4286 2106 5303 8793 2989 5793 6224 3834 4919 3646 169 8999 5631 7262 1180 9541 4173 6661 6077 1404 166 6626 4418 7649
27 1434 3075 3533 5529 4311 2201 7408 5916 888 1555 5429 7672 5282 6471 153 8129 211 2453 9644 8809 8126 8836 5582 3406 3404 1946 5723
29 2234 1377 457 7698 7985 1575 6411 760 9954 7664 9500 997 3798 7509 3063 95 1391 756 8113 3282 6831 1208 6986 9342 9934 3092 7839 9882 5193
28 306 7047 4757 170 9640 2167 7349 3984 1602 4647 7068 9372 8775 539 693 2757 2485 507 7433 913 1513 1953 195 4631 9134 9991 5361 85
30 8450 7229 698 7421 9592 8471 8992 3541 106 4521 5133 4460 7939 8448 5848 6836 2869 6991 7881 1720 3414 104 4445 1912 4908 2478 2501 9615 7178 9784
29 3249 9718 4807 6155 1080 3347 2301 6652 980 9270 9921 3407 2720 189 6873 3853 5394 5331 1806 9396 6118 6903 7799 6838 7386 1071 7474 6656 7456
28 9141 3782 7183 7481 1890 2873 7910 2574 7869 1692 5440 2935 1934 4180 512 6282 9513 1780 9144 5194 6700 8136 8772 6431 4973 6184 2786 7134
29 586 8184 5608 3640 6983 4009 6304 1245 8263 7597 3330 3392 8844 3584 231 917 7159 9553 9929 97 9663 8359 9608 1869 121 8077 5712 8879 9577
28 7576 5939 7173 8885 6563 8046 941 1302 8042 9376 199 9218 2014 9959 7184 1886 7808 4787 148 1945 29 5305 3141 6828 4762 2481 7747 9346
27 9145 4759 528 4650 906 294 1095 964 3821 974 4857 9704 5259 6749 1830 5982 7438 4299 1803 4206 6855 3977 1479 6490 321 4526 9204
29 2600 436 3460 3044 9382 9625 2346 6902 5911 1248 5350 6145 428 4918 9290 2951 2327 8082 631 3999 6070 9146 3257 6335 9962 6012 2031 2956 2084
29 8424 1824 9257 1037 961 3992 289 8375 8572 2161 4500 3608 7928 5441 5782 57 3102 6940 6526 5444 1026 7469 4624 2896 3614 4517 2902 764 819
28 7883 8447 4996 5310 6556 3443 8737 6854 3678 2909 4153 9750 7620 1452 9453 7558 7437 3408 3245 3097 5544 506 8302 1181 3451 7470 5991 1289
27 4967 7566 2365 7894 3954 8884 147 3619 74 7835 8573 798 6206 3759 9796 6432 649 1265 1087 3768 4772 3655 6260 5527 3583 9444 2296
28 8220 7179 8492 7636 2048 4084 6027 9477 6764 111 8224 6707 527 1952 4723 234 6521 2568 6045 8674 5271 1663 7055 8112 8343 3663 6157 1993
29 3883 1568 3119 544 9378 8237 5671 5433 3430 1083 8917 384 3839 2811 5072 1221 2653 1973 7285 763 151 6467 5300 5677 2731 8880 8374 946 2367
29 1574 6897 6200 9755 3331 4636 9504 4116 7163 9153 8055 3670 2076 6386 863 1453 2315 8310 307 8161 7446 6886 712 5719 4042 9542 4699 3580 8670
28 3590 286 68 2003 1644 9915 6427 9133 3156 9889 6893 9057 7589 4743 5191 86 2292 9528 5750 7685 9245 6801 8940 1834 8981 8228 2781 8696
29 2265 2795 3339 7020 7625 2279 6267 6971 4432 6069 7352 6693 5162 1418 7233 1054 6204 4704 6058 3916 6034 7266 7339 2978 9124 7518 103 8187 9643
30 2822 8453 6785 4169 8130 5423 7286 5125 4048 1895 8040 2097 3055 8721 8639 866 8942 9630 7591 7510 6571 2831 9649 5792 5571 6717 796 9161 277 9600
29 3511 4392 7529 4217 9268 1588 2298 2536 4017 2955 532 7983 6025 877 639 3470 5295 8866 3776 1729 4245 4971 1328 1995 6222 4682 6513 5562 2436
28 8946 2607 9361 6117 8193 6794 466 5739 1532 5781 2120 8666 2056 6450 254 4033 1611 7208 2449 4234 2575 7197 4721 8241 2105 5774 4685 6405
29 719 6330 9117 4214 6910 3283 6816 5157 3427 1610 5397 3315 1436 7712 2666 1598 6884 4654 2726 8825 7085 8157 8160 6293 652 4380 5845 2804 7887
30 1959 7901 7708 6416 4 952 738 7605 1525 4588 2558 4774 8769 1321 5265 7493 7013 183 6512 7079 6875 4982 4563 3165 2483 3459 516 7966 7806 2659
28 4466 9157 9441 5377 4529 1257 4730 8328 383 6675 8988 7328 1172 855 4829 8926 6223 583 6336 3690 4333 7303 8427 732 181 8244 3024 7533
29 9670 3581 7494 6046 9956 2168 3267 1238 1707 3912 6256 4732 2148 4749 1771 8578 6861 6050 8984 6064 5745 1041 2162 6659 7125 127 3349 4923 4747
29 9180 2381 3361 2205 7798 5829 4053 6634 6295 9798 7743 9812 4515 9490 6996 6846 9483 5741 8491 4837 7797 3624 9061 2884 2927 8164 2999 5178 9307
29 691 2163 7222 3302 4151 7769 163 9864 8828 2832 7955 7131 584 394 1352 7844 4845 955 5212 1291 3012 1438 3591 8838 5764 9517 6068 788 8887
30 1999 862 4088 8003 2767 1659 1138 2748 2541 9006 5749 9908 140 6429 2903 3108 981 3574 4191 6853 4301 9926 9449 5765 7583 4615 4619 2915 2386 7688
30 2734 5030 3693 3316 432 9907 1674 3625 3100 2689 8258 4168 3310 3011 7919 3401 8373 7834 2307 6054 2127 7565 142 5381 5629 8979 1022 6332 4419 6091
29 835 8372 9417 9236 4415 979 9229 9939 5802 5189 4990 223 9458 4417 7265 2193 7155 6124 3737 46 1463 1274 8789 4681 2214 5559 8743 6598 4576
29 2368 6956 7096 1066 7323 1025 1760 3669 3182 6300 5012 5578 1069 832 213 66 8614 6326 9266 2192 3749 5814 9193 9291 6745 453 6266 2530 5486
30 6130 377 7787 3333 2756 8277 740 6244 1149 789 5322 2100 5998 5847 8334 5947 9232 1272 471 4202 9946 1332 8357 3578 7595 9285 396 2059 8470 2254
29 6340 7855 5195 5115 1325 5086 3332 3205 2797 8274 6472 7091 9964 1262 2893 318 193 8847 2026 4886 1696 9210 8716 5101 4196 8165 2123 2968 9837
27 9014 1130 8143 8829 4697 5499 7441 420 3648 4140 636 600 5820 7044 5730 6334 7425 9239 2361 2621 5011 6911 4416 9705 5092 836 4789
29 2209 5130 5966 9219 4573 7572 8679 5274 1310 2230 4844 7785 5438 2082 2369 7385 2564 285 4357 9566 8059 4729 186 4593 6356 6988 9580 5007 582
30 1579 9688 9568 8841 879 6262 4722 7880 7660 8238 5547 2052 3290 5691 8915 5477 635 8519 3594 2045 5641 6122 9610 6602 2638 1305 3457 5736 2267 8385
27 3016 3860 5889 4458 2135 3186 43 5053 5568 4782 778 1650 1879 5006 4756 5248 8804 7762 7051 1200 7818 2824 8555 6660 4872 2925 9558
27 5832 2713 1339 350 4710 3610 5351 5759 1730 8123 7816 2502 9311 6399 5202 8295 7500 538 1480 2871 7920 5872 9201 9582 2385 120 4037
27 7426 4634 8399 6655 1250 5542 9989 5639 5570 7374 6171 1589 6719 7346 604 418 8333 4868 1006 2787 6290 9948 9924 5813 2907 2456 1864
28 3425 9740 5209 2599 2323 9147 5079 1012 7680 5070 5647 6954 8538 8038 8762 6226 5187 4648 8016 4899 2486 7452 7101 692 749 3308 696 1778
30 6507 90 3630 9042 1558 3733 792 9571 9619 468 5314 4988 4696 1147 4420 4277 9570 4570 4609 8947 4876 9298 9013 6579 6782 3015 2308 3083 8514 5690
29 8980 9498 6959 3476 9076 8575 8746 2334 1882 5071 7409 881 4212 9365 4011 5114 6565 3319 7103 2665 1561 1475 7224 464 2938 4913 7174 3188 9895
29 3709 3179 3051 9408 2633 949 4069 2331 437 9317 7209 1825 5347 9769 8675 9252 2462 2047 1684 657 1755 3739 2905 5408 3938 3779 9438 2668 9478
29 5014 4796 1021 2940 3907 8937 1243 2158 5146 3774 2011 3453 9081 2981 9424 2708 4054 5617 8303 2023 9938 9722 1031 7717 7770 4841 2985 4097 6051
29 820 3210 3899 8890 404 3757 682 134 4724 7671 5297 9412 6585 924 4617 4669 3641 3068 4572 1230 6165 8382 2374 8192 8219 7090 4793 3918 3386
29 2603 3233 8366 702 8833 9761 970 1998 6793 8476 5413 1045 1935 6665 3054 6743 7499 3552 1702 7095 1077 6066 695 8527 8018 1967 4422 8631 647
29 4078 3720 9820 9787 1417 9790 7185 9546 9362 987 3794 2325 1948 3269 2671 815 633 1013 6739 4879 4731 5684 2503 1017 7647 1943 4237 8132 9527
30 1826 7382 3833 4769 7084 7992 2569 9223 5376 7202 4638 9482 8939 8371 1892 8362 2206 222 2492 9920 3900 5656 9468 8433 4320 1316 9687 3305 3555 2423
30 327 1660 8543 2459 9454 2992 320 2266 1839 1676 995 353 334 2686 376 7924 8599 9717 801 2650 4211 7391 4912 9903 4450 7152 9422 1473 6179 592
29 2922 482 8523 1140 2037 4152 4309 9235 7592 1007 5601 9247 5766 1102 8140 1382 2216 9709 4359 3789 3206 1110 2883 1378 4995 4518 1313 1235 2338
29 4114 3452 336 850 3702 6125 8970 8478 2917 5900 1011 5279 8824 3415 989 3674 8996 5419 8537 8703 6297 3307 9623 6631 5386 9080 2670 9431 6172
28 7851 2698 8934 7060 3291 7679 606 7768 1767 6329 8499 8191 3456 6406 4633 6611 7912 5389 4187 279 1008 3523 9306 1811 6251 1705 3970 4605
30 3766 8730 1842 9459 9120 2768 8257 9272 3195 4885 1096 5533 6085 3449 1507 4148 1571 3820 4404 2473 9230 2180 3538 876 3752 8247 31 2119 5897 124
28 5455 7132 3503 7331 7742 1795 9329 93 4083 3340 7257 7645 9651 3778 3983 2125 3418 398 2164 1850 1775 1019 8188 8535 7544 575 8784 9827
29 5604 7186 4170 3099 6410 171 930 2410 8528 6344 5906 8505 9249 1701 4813 264 9098 5174 1502 9016 4928 6144 6316 2302 235 3041 340 1484 9481
28 2921 8039 7793 7394 7699 1562 8178 9753 9267 1082 4504 6449 9618 8015 475 3370 2364 4541 3539 7403 7198 2317 7967 5538 5536 5280 7399 2611
28 78 7511 7496 9632 7575 1604 851 5512 2788 3545 7122 2184 3543 7696 5786 6653 7999 8495 8800 4208 160 50 3424 6408 9099 3816 3106 7540
28 6950 3104 2332 4091 6459 5724 62 184 5253 9885 7815 8296 8231 2682 9996 5409 3535 7231 5931 4330 1324 9379 9335 4584 8660 5543 1522 5065
28 4141 4805 5564 3919 7367 2126 7719 5506 8840 9634 9368 8755 7846 8814 4368 5971 2245 2333 3569 3397 6080 18 3510 1958 2088 1540 6663 6148
28 3123 7918 3260 5116 4248 6731 6099 3243 2960 3078 686 4430 1744 2615 2225 5648 1654 9162 6043 2628 5449 5180 8174 6921 4590 3381 4364 6479
28 6975 7175 5206 3682 4200 6464 8609 107 6750 4520 4443 3131 7300 7588 4120 4340 4740 3824 483 7825 6081 7562 5981 2427 6916 9423 2431 3048
28 654 3496 9747 1051 9150 4983 1547 2531 6436 9737 1643 872 6213 4218 895 2278 6396 9534 9749 7640 6401 366 4449 1978 581 6074 6737 2783
29 4974 6062 8565 9785 8751 6255 3783 6752 9781 4864 8358 6287 8507 6701 2546 7126 1511 7365 3329 7083 3964 4558 2117 7666 4360 3717 1288 6947 7187
29 4904 4494 2330 144 9079 7519 1430 1521 174 7755 8593 2030 2948 2033 58 6072 3129 5001 6938 2272 5164 3115 4569 828 6907 192 9398 7004 6135
29 9925 2550 3701 6474 627 791 7110 9986 5343 4997 3797 2020 3629 1294 4761 4146 6807 9426 3162 8138 3017 3230 1646 3447 714 2709 5849 4866 1508
28 2635 4801 1896 1816 7744 2914 2801 308 6615 7629 7847 3548 5497 6129 838 6904 6492 1789 8827 9294 5421 9206 5558 3948 547 2616 4556 7471
28 7674 7606 6640 69 3707 9963 590 4550 6550 1971 8617 6997 9309 3382 2348 802 5958 8900 6736 8380 7736 7465 6799 8672 2749 7319 4965 4915
28 4523 6227 6214 417 2042 4123 2058 1340 2289 7455 9771 8159 567 2984 5346 6323 6905 8429 1400 6568 8748 4426 5009 5391 5032 3161 7854 9138
29 9832 5233 8434 7219 5263 4227 1282 9622 1802 619 4124 6183 7877 8446 9207 2151 449 8217 5357 4016 5807 2471 8010 3996 3842 1798 448 4540 4821
28 3387 3632 8227 3781 653 8421 8012 9943 9084 1883 7761 2040 4428 7532 7491 9668 6078 4645 6678 1733 1284 9048 2443 4907 9353 7223 1211 3554
28 295 8364 6765 2573 2966 4567 630 6979 670 3229 5329 2699 259 1029 7310 4538 2447 1366 7241 1569 6536 5358 1061 6201 6495 368 4254 6804
28 2417 1893 2836 1675 5181 1283 6676 5556 3715 1118 3791 5169 865 7005 3026 5978 7221 5640 3773 5891 6126 9205 9181 9865 6929 5161 8539 2623
30 7584 8383 1556 5247 6102 6912 8320 2908 3465 2415 8013 7387 9855 9043 5504 3463 1536 7889 8119 6964 3217 9775 5922 6593 6022 5711 4197 7926 5851 531
29 5777 7487 271 4824 5226 3292 6500 3854 141 4263 3835 9127 4284 5854 1494 2185 494 2379 7133 967 5623 7594 8852 1685 2533 7166 2516 825 1298
28 6812 8394 2649 2971 7116 6322 1996 9533 6559 3784 1694 4383 3635 7663 5800 5540 9119 1906 4860 3337 7945 4427 2553 7052 2844 4735 5257 511
28 7643 773 7439 659 2752 5783 6299 7675 6230 1872 5983 8734 9655 6298 3220 4414 9560 1224 9626 2580 7170 8071 3521 7019 9633 6008 1991 2565
29 1641 4246 8073 1809 5940 9549 8201 4950 4004 1307 8894 301 9216 4511 1401 6448 3301 2445 6965 5927 454 1384 4537 8308 3946 3796 3645 5204 3116
29 1048 4474 2777 2526 8765 6049 8454 6874 9436 6666 2943 8347 228 9694 7586 8908 9683 9647 5799 1649 5626 1843 8451 5686 7119 3710 8918 5418 519
29 4172 2766 3656 2876 1053 6657 216 3513 5312 3212 6531 4374 9809 9287 5720 9344 5505 4470 905 2997 6023 797 2655 8556 2885 2779 6823 2585 496
28 9189 3169 2005 4917 3671 5912 9795 2064 6084 9035 8832 8604 6735 8601 7615 3799 3193 7225 1116 5165 765 4210 814 5261 65 9573 3857 9212
29 2446 2711 5492 9699 2145 1462 1373 7379 720 110 3280 8815 2878 2743 1461 7681 4106 6487 6232 1335 4308 897 6981 7551 8100 6397 4354 5681 969
30 3353 8246 5934 4239 1422 2352 8711 4015 794 2303 1980 5036 8967 237 1188 2540 5546 4843 4836 490 9693 201 3561 8853 6103 8779 621 7089 7362 6164
29 6423 3209 9200 4006 5456 2775 7375 6994 8812 2132 7614 7275 4873 5200 2500 1142 3978 9140 8587 5463 6333 4029 1628 9686 6577 8895 5432 9782 7364
30 1813 3492 554 9522 1278 9974 5224 8285 2794 5496 8689 3506 359 9833 143 6483 214 5531 1240 4372 8086 410 4462 7619 3351 7746 1486 6496 6898 960
29 6885 3756 5049 6664 2755 2746 9825 8831 4454 6523 3262 4019 3127 3321 5581 8223 1173 9077 2839 4786 9746 7193 9176 4790 3237 1881 1105 5635 8114
28 3423 8961 256 3201 1600 7773 704 3871 1253 4306 3336 3606 8455 7001 5152 700 1927 2407 3728 3394 6608 770 6899 4490 7930 1916 8819 419
28 2038 6257 8678 2 7986 1217 4703 1932 1354 1020 2260 4689 5219 1838 713 3343 297 6039 3945 3000 7530 4651 8985 3369 7738 9463 8583 1990
28 1711 9443 330 3005 6237 4677 2375 9936 9808 2183 4032 1034 9414 831 5695 4750 4493 759 8795 8600 8998 9101 7618 1762 1601 1928 2157 2107
28 7080 9445 3534 2228 1465 2221 3090 177 5700 1668 7108 7429 1483 1885 1068 4328 8837 6443 3550 5563 5607 4324 752 8032 641 2441 1106 9982
30 3060 5535 4765 3679 3396 6995 8651 7526 1167 5278 6385 8677 2412 6018 3974 9060 4488 8534 6712 7964 3395 728 5452 1005 1790 8002 4384 2380 6587 3818
29 2139 4949 5324 9304 4186 4181 2622 9183 3780 358 1683 9110 2382 2354 8650 3684 6106 1645 7357 3428 1432 6342 5624 5560 3936 2737 2969 5836 3399
27 602 3482 7979 9966 3323 7728 7299 5875 7931 7135 1647 5770 4599 1103 2251 7700 2200 1845 5616 6934 5250 2612 5996 509 1385 1678 5240
28 3516 9248 3579 3950 2051 2912 3225 150 5401 5100 8628 6927 1244 1467 6414 7779 9419 1336 6863 9005 6095 2356 8633 3045 1937 2008 5481 6625
29 6808 1539 6461 1983 6925 3164 3537 8442 9172 4640 8493 9976 6648 8665 5073 2342 6644 6768 5554 4991 3365 5902 9945 5599 399 426 8891 5915 3006
27 175 3171 5938 2140 6677 3836 91 2950 8642 7062 4293 3975 4081 664 4230 5627 5422 6195 5362 9843 9550 7857 9032 8782 8024 1345 2630
28 7995 8432 1014 3762 3412 5619 8718 5105 4641 2513 3298 9628 6137 5075 5956 4525 6760 2639 4778 8181 3725 7445 1583 1209 7478 8574 7165 3232
29 701 3181 9492 8547 3764 3755 2782 2744 5748 3785 878 1206 1303 7025 3801 1416 379 8425 3261 6604 4225 1381 6917 7048 105 2706 1270 8268 9799
29 4764 8590 1779 4966 2555 4639 2644 380 9854 2654 5175 644 2842 3585 7831 5758 5590 1156 5841 774 5893 9313 9691 9620 7477 6972 769 2493 6121
29 3875 9038 8977 460 1241 7381 2608 4734 5757 4158 2078 2122 1920 6174 8338 8732 4970 1763 7040 5778 2277 8557 3627 2072 8810 7677 4058 8265 4087
28 1572 7639 7695 3322 1390 7974 3001 3520 8004 790 1215 1044 4986 4779 2527 8370 1781 355 6788 7211 8923 6771 8084 2264 5685 4512 3444 2451
30 3440 8579 7235 9251 9175 7177 5525 456 4692 689 4095 6914 3490 5332 782 9091 758 6621 2792 8444 8692 7669 5518 661 7713 5809 501 9152 1791 2507
30 9601 5837 9460 2933 9806 5436 6519 4387 4799 1317 5904 7906 9072 8686 2534 8796 1122 1673 2087 8198 5087 2347 2089 3995 9953 7192 3652 2829 1954 7690
28 8854 8607 314 8919 422 2137 393 9395 4193 6824 7950 2255 3795 3502 1504 4815 7248 5773 8379 7372 4013 2160 9978 2862 4580 8105 7194 5638
30 5634 7297 5984 8586 3953 4018 3881 7513 4465 2001 2083 8213 8857 8591 8963 4157 6451 3927 9551 2941 4513 5858 9840 4463 7354 9576 6305 6435 4111 4916
28 9282 7030 810 2472 7528 515 6616 2738 2477 2061 5530 1799 9179 6063 8378 6365 2821 3109 7064 3976 7255 5339 9539 1877 1396 587 9018 1793
29 2440 4671 4122 7552 7442 7667 8634 2745 9324 3254 1749 3273 1371 3771 6544 4855 9757 7676 5186 4499 6004 9062 1586 2282 6011 427 7938 7978 3748
29 6933 2830 4632 2512 8872 2036 2057 6686 1306 7580 2055 1168 4565 2859 1829 2970 5746 3890 2702 3445 3189 3294 3483 5017 1800 3173 936 6480 2103
29 4119 1492 1712 5881 9612 4250 1229 8620 8154 6277 6225 2826 4985 3132 2549 2387 263 4453 7624 4464 329 3200 1318 6076 7396 5650 9358 9109 1445
27 9861 626 915 1410 4622 4739 2154 8897 4185 8974 4833 7355 7056 1046 7656 8221 8702 923 8817 1343 3689 2784 4366 6415 8225 1268 2288
28 934 8121 9075 9352 229 4817 6105 6369 5084 3487 1526 8413 5080 7077 8630 9616 9276 17 2602 3761 1902 8326 826 856 2170 451 4135 3436
28 5260 750 328 3519 4034 6211 8754 662 8005 925 9562 1002 564 5817 4226 8283 8707 3419 8054 5625 118 4342 3066 4367 8218 3719 2213 7049
28 746 4447 8026 2769 5585 1787 4137 36 7105 6856 7267 71 777 7146 1114 2692 1033 1058 3915 8091 6592 2597 4222 1509 8305 6094 9410 9770
29 7782 1359 8027 8282 8162 3238 5683 4566 8641 8206 3494 1742 3685 628 6426 9823 2945 1213 5977 6285 136 8474 6541 88 1626 3734 6442 2016 2894
28 1965 8128 8166 1275 3367 6822 8798 9182 9994 2457 1435 67 2019 7344 3692 4027 7273 5043 6691 6372 8467 9108 1108 2269 1629 5698 126 7492
29 2851 5673 687 2858 434 3851 6703 4478 425 5976 9420 5584 6813 5894 9010 6338 3886 4244 5672 7283 6525 5363 3022 7440 8749 9244 2291 9724 3082
30 9111 9662 1531 3987 1124 678 7149 4969 9848 8627 6268 9281 6460 3241 7973 8560 5646 3650 5884 3276 761 8704 8275 8622 3998 3196 8893 7764 3285 7577
28 2805 1573 1768 1148 3811 1985 9537 5170 4145 1693 3228 6976 6082 3700 3963 2658 9587 9345 9801 3969 6047 267 5234 2491 7508 5678 6240 2678
28 526 6152 3383 9224 2815 785 8417 4487 9451 2552 83 3434 8035 3806 4276 6075 3971 8313 7333 1510 4536 6548 3713 8522 4811 4592 5551 2497
31 6042 5147 5941 9797 3306 3391 5210 9055 435 5301 5407 9720 1908 1695 2790 1873 9390 3250 3814 3253 4595 9199 6923 5992 7987 1337 8803 7731 3474 9995 7368
29 333 2648 2793 5794 2293 571 7259 3272 6538 5369 363 360 1867 907 7860 8761 6540 3047 9262 7027 8525 9341 5753 7073 2197 7521 2041 4502 7947
28 5046 9589 498 2252 6000 6580 3997 7927 5425 7484 6651 5428 3065 4637 8031 8401 613 5060 1748 6349 1979 2619 7360 978 5344 7817 9015 5453
28 3117 4581 281 2244 6790 8697 4278 1342 9044 3320 753 9821 7237 3393 1451 7172 2043 302 4498 179 658 2461 8075 3135 8058 6447 2444 8816
29 2772 7205 2874 130 5148 5318 8958 2409 7483 7765 569 5694 5974 8864 9707 611 618 8116 244 8767 3617 8738 6239 4705 7711 5907 4552 7537 8009
28 13 3704 7115 9933 5910 2339 3091 3556 530 5704 5597 8562 9300 7290 5732 9292 7206 4035 3263 4142 8101 9036 3163 2559 5805 9987 7772 8932
29 8551 2496 8017 2736 9139 9773 675 1368 4575 290 991 545 403 3251 9902 5443 3213 7994 8643 9532 6067 3726 1086 6499 8935 4947 578 9838 6787
28 152 4066 3471 8745 421 7621 5863 4134 9314 3508 6672 2539 683 1774 5214 2889 414 1338 2974 944 8430 6281 4741 4381 4695 3218 8307 4361
30 9155 7720 34 2963 1210 2218 6221 4745 266 9254 4665 7531 116 2235 2800 3888 8175 904 7410 72 9125 6259 5025 2079 6769 3909 6798 5489 655 6065
29 9049 5383 2890 2482 2965 4587 4323 7489 2983 2947 1688 4127 5661 387 4045 5067 5827 3004 6939 9985 1296 3924 8344 823 7524 8846 624 7066 8392
27 962 6488 5865 7026 7603 408 1344 7240 7390 8215 1444 115 6060 5767 1783 9169 7143 7573 776 7904 7204 9819 3208 9001 2268 561 2719
30 5062 1512 6265 4327 8063 7436 236 3281 9990 9733 5059 1548 1524 2877 3390 7114 5270 6726 8133 248 3252 8930 8173 5932 9881 1518 8987 3985 6217 4871
30 8097 1831 8740 7922 3844 721 1677 6437 6978 6160 5659 1309 6674 4410 8279 984 7564 5013 9156 8839 7067 707 9225 3910 9065 5459 9828 8070 4339 8314
29 3155 994 5555 7982 5612 7147 9831 7028 7316 1304 4489 9029 8337 9736 6433 6530 3043 1732 2460 6558 3093 7145 4176 4510 4411 9045 7852 2561 1921
28 1587 280 9336 9685 5668 3898 2519 7065 1657 3167 1233 1754 5290 6829 9256 7171 903 255 1652 6020 827 6852 4012 4369 1393 7900 3868 3504
28 6424 6543 9635 6092 9190 6966 9356 7296 252 5403 9526 4316 2833 9672 4213 5924 8758 812 8230 488 2240 6926 6289 6832 7050 1801 3403 7021
30 1386 8406 4238 1976 2239 1681 6779 5446 8460 3304 7610 38 1163 6368 6915 9923 9430 4955 1351 1741 1823 7507 5414 4242 3374 8788 3940 617 8548 1596
28 1753 6425 3501 4717 1737 4408 3667 3651 4444 6847 4130 3955 5890 3812 2704 5775 2432 5810 2625 347 7434 5221 374 2248 2776 1672 8715 5211
28 4322 2351 5740 3932 9515 4867 7691 2433 2562 5879 1092 2153 2465 673 5718 7212 1117 3885 2344 272 3966 3526 8763 6086 5882 5926 953 9404
28 1785 1030 8710 598 4476 795 4221 4452 1477 833 7334 7838 5451 7258 3514 274 8497 2227 4653 5676 5995 4362 983 5936 3207 6722 1738 5666
29 5057 9727 5136 8118 9636 6005 5610 7777 8349 1871 8309 5192 9677 7459 5427 5727 4727 803 4812 5103 3342 8785 1687 2392 5337 79 852 1559 6017
29 6613 2517 4390 8797 1964 5448 7842 6859 6274 7468 1269 5951 8552 9280 7298 6147 2256 9674 6476 2596 5267 9519 3070 7754 8520 1543 9113 2075 6279
28 4071 9538 7475 5553 3150 304 5693 7872 8848 9339 1074 2050 7443 3730 5972 5652 101 9998 6900 1159 2159 5190 8818 8306 6503 3962 8945 4690
27 7833 625 3128 4802 9397 6753 5188 2337 8680 9548 8284 3314 2463 1936 9326 9852 8720 500 9512 8729 1966 7220 9524 6181 2487 6564 7341
28 8315 5241 6623 9702 5680 2677 5435 2687 261 7784 6609 9862 609 9824 1719 3287 1376 9465 6127 9142 9114 7895 4150 2095 4412 3072 8387 233
29 1769 9246 3878 5545 3763 4144 4304 3300 2310 3887 8944 5096 9497 2390 2165 8124 9400 9469 3325 7832 8869 8340 9682 7501 2991 4877 3906 1875 1868
27 558 4236 2524 5171 9462 3479 6212 3770 4736 9835 1329 4667 7740 8901 3677 2697 6249 9337 7821 4744 1481 2109 5812 882 6271 1212 6491
28 2182 7395 8356 3268 5082 3847 9315 8076 2274 6233 2547 5404 1126 1314 8787 9197 4492 180 2402 4972 2222 1202 3498 9074 1266 390 5002 7936
29 493 8669 4259 5669 1049 5868 473 5396 6553 5355 6263 1166 4612 3010 3446 4177 5622 64 3378 4686 4939 7954 9631 4733 1682 4702 5054 9330 7559
27 6669 553 6250 1152 443 2391 1258 1759 6097 1349 822 9906 6878 965 4676 9893 1581 5708 9269 162 2588 4038 3157 5593 2143 2809 9932
26 7245 1125 6754 5298 5102 8933 2313 5861 525 161 258 7157 2551 278 6930 3928 2700 5034 2073 2377 349 8955 9143 8916 5050 2406
29 2098 5325 3911 9930 1554 4005 35 8365 8517 8182 1360 3191 5137 6811 32 2032 9830 461 7428 6199 28 7913 963 1546 3450 7280 4954 7903 3876
28 8099 8339 4067 5566 8693 81 771 5302 8993 7415 3925 7213 5869 8137 6742 8982 1 2319 3714 3965 7454 9374 857 892 4346 5317 7270 2681
28 7828 2202 8781 2195 4391 8500 9078 4889 2243 8878 4100 225 3003 7587 7515 4149 8034 8271 19 8612 139 6517 1527 6339 7413 9474 2532 9354
28 138 3628 1067 9606 5999 9590 5857 4395 4117 4289 1849 3431 5405 3705 844 5519 4623 9981 8973 8580 9333 1372 2778 8708 4981 4643 2134 3767
27 6603 6796 6463 2506 8714 9302 4621 926 1193 2802 9979 9007 6809 5048 7088 6166 9297 6387 2112 3178 1859 9950 4287 9579 4548 5779 9958
28 2993 5467 4751 8733 6113 1293 4795 9892 4348 7097 8067 6238 1489 9844 1667 9283 1050 2910 3718 9711 5961 9377 754 8533 2942 2371 1690 4659
29 660 3247 1113 9039 4715 1515 5166 7347 8581 1081 5222 9087 7432 5024 2576 3152 7909 7733 6343 5468 4285 1617 9652 5728 566 5430 6161 7294 3375
28 2452 8568 6857 4957 4910 7980 8176 4356 7916 9442 332 6862 2389 909 5220 7053 7836 6494 2022 5929 8863 9972 4979 4746 7858 2067 7697 6730
28 9215 5613 3027 2384 5005 2101 3573 8553 7046 4262 9793 3454 7701 2114 623 14 4094 8367 4441 4554 2196 3309 8169 1347 6533 7553 6969 4539
28 6392 5336 4660 4442 3380 7637 7598 9059 4446 1256 7811 9116 6010 3828 6624 1832 5242 7578 3255 6383 2002 6723 9905 2962 2275 9916 8412 9510
27 9988 1035 1491 6493 2535 6242 8727 9380 2846 5856 2928 9187 9160 2882 5662 386 2690 7963 9578 7140 2987 442 2505 8484 3279 2007 8311
28 3256 2803 5908 4279 1776 5307 6643 1299 1028 51 5964 2825 1962 4160 2739 8713 2290 3125 7495 9656 5141 1447 8802 7281 4437 1727 503 2149
30 5919 6982 5771 1192 540 5520 6868 1854 9975 841 7330 9545 5018 1176 2657 3096 7124 9209 5688 6695 1043 4491 7254 3221 2865 1930 3354 2904 4832 7886
28 7822 8152 736 4607 4175 899 5424 2728 9231 9056 4047 1214 799 4448 3137 2798 6649 3031 7325 5321 7827 8104 2115 717 9064 6320 4635 4347
29 7937 5557 227 3324 676 5949 9540 6286 4758 1132 8794 4882 5830 8509 8329 4424 9734 3602 8921 4439 7814 9402 2729 2926 2819 3668 3202 3529 6014
29 9435 2090 1746 2012 9836 3122 1750 7960 8687 1792 8318 5083 4295 6176 1856 3896 2108 1346 2246 6589 945 7017 5316 5091 1815 41 8928 1551 470
28 4960 2765 1956 479 4926 158 2840 4358 22 4577 6357 7000 5352 3695 1853 4883 3869 6689 9758 5754 5888 9496 1974 1254 9947 5609 3769 697
28 1577 523 7309 9559 357 220 6395 8235 204 4204 3058 3020 8482 9763 3495 1876 1225 7848 4719 3788 6071 8888 7486 4407 480 145 6038 75
28 7609 2335 6168 8613 7249 1639 3858 4044 5045 4281 4869 5905 4603 3271 7307 8972 9624 5980 342 4154 9399 6702 6797 9805 3197 8771 7315 5921
28 6638 1691 6699 9817 5066 9242 9565 2435 4831 9973 521 7560 5306 7130 3437 2714 4406 8171 992 5469 6642 5088 3838 9277 7617 1446 4940 9192
29 1817 5967 1818 8950 931 208 1865 4205 3130 2509 9983 6115 4294 2204 2237 3961 6079 7210 424 5047 8664 1982 6909 1951 486 3311 7631 845 7652
28 3236 23 7251 5461 5658 504 1592 1433 8904 4579 4223 8899 986 9008 2006 2466 2411 3615 3732 3736 5364 114 8088 9082 5466 7246 9349 3071
29 9714 6770 7694 8438 1758 589 5323 9461 1620 7450 3603 292 2977 8807 669 9507 5056 1578 268 5697 1157 6825 5785 8393 6943 6901 5507 3059 4171
27 445 8440 9940 6374 6348 7361 117 8876 1545 7407 3553 6178 5840 7702 369 4800 8023 4911 3485 3787 6733 3154 4608 5569 9071 4963 5707
29 7633 1038 7014 9804 3442 2394 2673 3420 1810 8912 7472 3194 8145 8426 6228 982 9040 8155 4056 7710 8473 5663 7905 25 44 860 5960 2957 3642
28 7148 9243 7011 3278 5182 5229 2838 5457 2207 9260 6705 8813 3095 5909 5804 9214 4557 7879 9429 4854 7302 7567 6619 9759 1820 6883 7841 1627
28 7324 6578 6970 1560 6444 8462 1917 9851 7401 5509 9502 6367 9389 1358 96 5539 5098 705 9944 7749 8229 3712 2376 7332 1428 3589 3334 7234
29 3145 27 3937 3149 5826 7144 343 883 3037 7038 6188 8889 3846 954 9002 7102 2631 4893 1910 8496 6019 3673 1500 4108 3930 47 9971 341 6511
30 6197 2297 4951 6258 3295 5896 5682 3644 2322 550 3166 7071 9092 8352 125 2220 4280 6714 7292 8259 6685 2676 346 7687 2953 7411 5215 1607 283 2980
29 2672 8183 4507 6936 2343 2024 703 2450 9457 8723 1423 3892 8892 8248 2967 920 4378 4059 8041 4023 3029 9373 3572 7714 6761 205 6404 1665 9418
29 7136 94 8927 2715 6973 3680 7087 2242 5760 1370 373 868 911 6993 4925 1726 9050 4555 1231 3638 6132 7444 1989 2796 517 8658 7371 7422 7917
29 8849 4662 8952 3350 1380 4530 956 2613 6572 3313 4564 3356 5367 2617 5842 6851 6104 3432 2131 7826 9639 1155 5155 7972 7807 4274 5621 6133 4131
29 4804 9213 1807 6032 8445 4314 3033 6446 5406 8588 8602 4021 6581 9464 7557 8990 7630 7813 4842 7398 1476 3862 7933 4468 7453 6136 9586 7921 7908
29 207 6671 1186 7516 6351 706 1131 2774 9338 6708 2590 7059 7989 1642 5230 7069 830 4847 3822 6949 5620 3864 9433 9221 6366 6573 8353 2936 4901
29 1141 3288 4568 5537 3612 1907 8991 4282 2499 5822 5121 9839 1585 1280 7962 751 3672 2727 8321 4451 5111 1355 1107 6858 3687 2567 1615 9188 9969
28 993 3929 5886 6363 9754 9027 2609 6205 3341 6276 5238 9857 322 1056 1905 6837 2484 8269 5139 8212 7451 5319 7287 4297 3274 5928 6952 2388
28 5465 3665 7380 4480 2395 1165 8791 3745 8486 2799 1564 2610 2092 1661 5104 8288 834 6083 9237 2816 9744 6465 7074 1449 9347 8270 7153 3595
27 4616 3856 2604 2396 9263 5744 9184 7981 6296 718 3817 7340 8185 1135 2872 4232 4118 7350 260 959 5710 8739 1538 616 2544 7885 7215
28 2636 9447 7871 3914 4386 2166 132 7915 4880 597 9760 7873 5611 9279 8254 8610 7546 4596 1624 4663 5933 2074 9637 2393 1975 4352 2556 5320
28 3042 596 3575 6756 3536 3049 385 7561 6328 1242 2735 2808 1320 3981 1963 7757 7737 1450 9083 3296 1514 6355 7734 8197 6358 3074 5930 9700
28 8995 159 7402 1100 2353 7721 8569 3604 3654 871 2629 1023 4992 9455 6175 6111 9659 9174 9676 2696 4220 2934 459 5702 4688 4224 5591 5470
29 7914 4501 9584 1205 3126 8701 8594 6167 9725 1797 6185 4519 3416 2724 7948 3525 6977 3085 3852 4405 8735 708 7461 7505 4271 8830 5372 5042 6413
28 9340 1191 8850 3951 2013 7203 4298 6744 8458 7419 7032 4952 7247 2761 1137 8168 4051 7181 9922 1075 7819 542 2025 9878 6360 7029 950 5988
27 9742 476 8400 9984 9484 555 5138 4315 9425 2280 3286 2780 6192 522 5299 7898 3231 599 2490 5866 7263 7139 5660 8712 5491 5513 8194
27 8407 5041 1909 1505 9708 4486 7369 3185 576 4201 5701 9158 1721 7859 4902 8960 6400 1565 8 6605 3358 3542 3493 9476 9164 4897 5674
27 601 6683 7358 1756 684 6566 8532 7405 7661 7727 7525 92 861 6696 2888 9295 2173 4618 6346 3032 1331 8902 2261 891 951 6561 8618
28 4077 8983 928 1398 4933 1076 8239 4524 8469 313 648 5442 5063 5330 5752 5378 5447 985 3621 3566 4216 242 3994 7523 8736 5586 8744 2528
29 9872 6154 1924 8624 5258 1969 9955 8920 1777 8289 8131 3507 2316 5993 9552 4421 5642 5154 2754 7041 4233 4816 8485 2360 3588 638 9723 4707 7820
27 1109 811 1407 4455 5416 6618 3326 5176 3865 2068 5550 4906 6951 5027 6462 5643 5493 2029 1252 2688 9684 7301 2732 4020 6377 8062 2587
29 666 9288 5528 3618 3735 5713 1042 9745 3192 5821 6364 7767 9871 5108 3377 4312 2219 3891 3248 9965 8069 3087 8905 1997 218 253 2189 3901 7460
26 3877 188 16 1267 5144 6826 7840 3724 7304 3743 6552 6728 9 3786 7200 6758 755 8868 2641 5715 9301 3098 8081 2357 7965 4875
28 1938 6931 2418 3462 9428 6452 173 2194 4483 392 4533 5834 2589 1458 4373 8242 7129 524 1379 7547 1388 8287 6209 4664 1939 2306 5717 6596
26 8090 839 6935 6284 7430 3114 8022 1098 3908 452 7766 1128 8842 9935 4434 2309 1625 9614 5283 2210 6583 1714 8516 4683 1851 5033
28 3815 8205 9131 9130 7790 7022 3151 8518 4031 391 1395 1405 7150 2683 6439 4129 8414 840 875 2458 5143 8014 2340 894 5549 5918 9786 9802
29 5370 4794 3643 4219 1448 1740 690 1888 1897 6860 8760 2986 8801 6780 6253 1530 3616 1918 3884 7943 7366 7420 757 4036 4993 1287 8061 8978 6865
28 2378 9136 128 896 4195 4082 8410 8264 7078 4792 7776 1915 1459 8925 5426 4614 6466 1710 1201 5979 7274 6254 4783 3943 9778 5618 3913 3810
28 4852 4397 5903 2169 5151 9489 33 2489 1121 4691 6820 300 510 2404 5716 6998 2110 241 8300 1757 6458 6116 3699 6040 3649 7741 2349 1099
28 8546 4754 6928 273 873 784 8111 2674 356 5474 1724 2044 6024 1553 1392 7378 4509 2899 4399 7098 5788 9259 4267 5515 5110 2848 7123 4594
30 5354 4166 7042 2640 8074 4001 8865 6359 9415 7703 5366 2760 7958 916 8886 8621 3458 52 1623 8671 829 2035 4849 9503 8685 6784 2911 4586 8898 1766
29 3265 5952 2263 2860 4165 4942 3079 3480 4457 4652 9090 2857 8989 1621 210 1713 645 9070 8056 7959 2880 1362 4613 7602 4984 5526 9731 8167 6632
26 5955 7397 7384 4560 605 5201 2021 4229 8511 6252 2520 2944 4776 3073 381 7023 847 3809 6805 8252 6053 4666 9320 3958 224 4329
28 9328 1734 2693 3259 2358 2468 5218 793 400 2028 7824 5828 6721 4598 8597 3639 6724 3007 4159 6107 4755 9167 1716 77 3601 1323 265 5738
27 8644 726 9646 5534 2212 7488 6990 8741 2039 7876 1158 76 4215 157 1894 5485 5573 7635 7582 7535 7092 9789 8770 7100 5844 3540 5269
28 1472 7704 1704 7724 6177 4393 8093 6215 3215 3398 2891 7370 7388 4371 7271 1047 4738 3222 4670 2932 7862 7658 4326 9253 8409 8941 6546 6588
30 4049 7574 1751 5387 3405 7176 9961 3830 5159 2511 8391 4720 3284 9501 1145 7033 407 5614 3754 591 4781 5892 8079 7490 9034 7970 8953 4353 7655 7796
28 3562 5532 5942 1499 1855 3318 1004 9880 5969 6015 1419 7188 2080 4098 533 4080 8139 5393 4826 1273 1722 6370 316 8363 1474 6303 5021 7063
28 4473 3505 89 5483 6815 232 745 9495 409 413 4401 6456 2121 5808 7199 2475 5040 9671 608 6870 458 8408 9198 9886 2718 7804 5365 6576
28 3611 5595 6864 9129 5251 4553 9585 800 5434 3105 8943 6310 8390 3609 2949 1537 1584 9730 246 6514 4024 4209 3478 2618 2523 4257 2249 5987
27 8724 2583 8592 1520 3696 5 164 5390 1219 9919 5309 4658 6486 1498 2837 1456 6963 9509 9518 9026 5328 9680 9572 8146 5256 1327 1397
27 9284 4878 5917 9019 5400 5726 5368 1898 4194 9274 6210 3982 2577 5450 1636 2034 8196 6417 9195 1234 8102 7252 3438 7517 5398 8640 3808
30 3363 2864 4503 2305 9621 8250 8006 996 5862 3176 6989 2647 1933 3893 1146 9588 8200 6850 7189 6734 6987 890 1501 5341 9022 7730 3607 9094 1653 1648
27 570 405 6778 817 3744 167 6128 190 8316 472 5311 6999 5411 729 9547 5731 7218 2270 8459 6984 469 699 5342 2203 7968 7934 3021
28 671 352 5476 7279 2401 1203 8488 4025 2176 8330 642 4376 7682 6398 5268 2224 6628 8186 5458 6373 3980 4409 4039 344 240 8317 7608 3143
29 9321 5326 7015 7929 9669 1715 5126 8790 9310 9658 6697 7400 3174 5600 1968 9355 8975 5825 9017 3372 2543 6477 6501 2177 2976 8376 3840 9847 7207
29 4661 9887 656 8052 779 4628 2642 6361 902 7024 168 9575 4823 3622 9185 245 4814 2425 8571 9401 8301 7250 8922 3706 7604 5747 2789 966 5273
28 4760 9031 3772 3903 291 6123 5348 5010 9491 7745 9375 9089 3721 6143 947 4109 2972 2229 7168 4269 3338 9849 3559 1279 172 9383 4708 9941
28 8057 3235 8134 1835 9627 6746 2770 3299 6236 4396 9842 4101 1698 7288 914 9325 9999 481 1591 9386 2773 3002 8576 4061 7810 491 7593 9556
28 8346 3765 5472 6382 6504 4096 9456 3647 8700 4726 2062 8558 4583 337 6438 7803 1073 8608 6894 6834 4620 607 3219 9112 9023 7801 9555 1363
29 5500 5008 8969 8949 3139 9678 1412 975 9853 9178 203 9332 7990 1929 4943 2015 999 6877 5038 3089 7874 3874 8202 808 9025 2329 8585 2810 1199
29 5262 8125 5462 5109 1123 6985 513 8256 2707 5384 7925 1709 6763 8384 7692 5737 2341 2299 1955 7550 5203 1658 3688 4927 6013 8060 6524 5227 973
28 8709 612 7611 9385 663 5051 6622 9898 2937 7670 8862 6454 4092 603 3175 6048 6376 4103 1743 7780 8806 9605 7897 1237 9863 7435 6498 447
28 5552 4303 9756 3064 6073 6554 3019 3439 87 6412 5064 2397 2818 6291 1171 7196 1161 7975 6789 8524 1528 3861 9661 6688 2054 467 6542 7722
27 4753 3775 5511 2304 462 397 1414 3558 1549 5490 5412 8611 8332 4862 5577 514 9405 2723 2898 1984 9086 9514 4959 7788 3168 7997 8964
28 9594 4701 5965 4777 9719 4307 9648 7142 6630 4822 1402 6612 2413 48 8190 2111 4865 370 5923 2081 7113 9536 6887 2257 6203 1295 9841 4188
27 6791 6600 8717 7232 9721 2096 3904 4562 6690 3986 1988 7404 4713 7882 733 1088 325 9530 8662 921 6455 4155 737 6532 3328 7850 1185
29 6845 766 6635 3410 5860 7870 5850 7748 2843 3813 1708 2946 9434 9334 4332 2753 9103 1523 5431 5338 1534 3469 9348 197 4936 378 2400 6680 6216
29 7662 275 49 7351 9816 6766 8564 2238 4385 5975 5514 7345 529 3923 2171 9595 6170 8480 100 3666 3140 7182 783 5521 5985 5285 6189 6843 63
28 5524 1060 5898 3264 6516 7865 7117 1836 3683 9363 5327 7596 249 922 1353 5479 5287 5498 9085 6549 3509 6694 7998 1281 8559 7261 1697 5044
26 4469 7343 8851 1442 8910 9494 7393 1603 2009 972 6773 6646 5135 361 3740 5816 9783 1844 8405 7169 1857 640 9642 6029 4775 1651
27 5160 5583 5237 3524 8615 5478 1784 8389 3086 4684 8294 4835 3317 6741 2324 4125 303 3473 8419 2742 988 6774 7601 5196 1010 9650 4625
27 7427 8504 4944 968 4126 4788 7988 8649 5843 1516 3146 2276 7884 3941 998 1616 9471 2988 1101 3933 8163 6560 7868 2498 4600 7424 7260
27 9194 4543 665 8906 3716 4302 3528 8251 1120 7875 8008 1085 2675 8489 4839 6146 595 6527 4806 4073 8531 8632 8777 9788 5729 824 7907
28 395 9791 5031 8699 309 5901 5353 9350 3018 9818 2924 8350 1144 7623 7725 4113 8773 4706 8997 3475 727 4283 1669 7644 6002 3057 9645 6088
27 6021 1365 276 2570 5574 7607 5596 1485 9308 4679 4921 4266 8752 9381 1457 9409 588 7093 5288 7971 269 3577 6141 2537 9904 8151 6537
28 2652 6597 4808 5516 5308 6485 7239 5177 2403 135 715 2116 9250 6345 1070 492 8226 4752 2598 6219 4041 9318 1277 1812 940 7837 9544 4300
28 9211 6720 2557 6234 6869 7952 6341 6393 8541 2595 7284 2913 7072 6757 1866 8764 299 5150 535 6529 5264 296 8648 1470 731 4698 4714 6173
29 9054 4766 4803 7890 4655 813 3297 6218 5074 1218 6586 6434 3488 406 7953 367 2130 2663 5733 6555 6880 137 5589 1374 8043 4026 9869 4585 8909
29 3384 9913 8431 1926 5117 8954 1542 4273 1725 3532 4062 4440 5395 9278 3034 3344 3576 226 1190 9432 5722 146 9657 4850 5173 5950 6776 869 7502
29 8595 1424 288 9384 7723 4093 679 5223 4247 8655 2763 9728 6882 7118 6772 6380 7622 5899 6958 9171 579 1018 5575 7457 6704 8272 9866 5473 7414
28 1187 4338 6231 7543 8418 2918 311 1609 7190 9529 310 1490 918 1409 9794 4610 6110 1426 8656 4675 3613 5286 9069 2093 6311 8037 5284 7326
