710
1 0 1 11
2 0 2 11
2 12 2 23
3 0 3 12
3 13 3 24
4 0 4 12
4 13 4 25
4 26 4 37
5 0 5 12
5 13 5 24
5 25 5 37
11 0 11 11
13 0 13 12
13 13 13 24
13 25 13 36
25 0 25 12
27 0 27 11
27 12 27 24
28 0 28 11
32 0 32 11
32 12 32 23
32 24 32 36
33 0 33 11
35 0 35 11
35 12 35 23
35 24 35 35
35 36 35 47
37 0 37 11
37 12 37 23
38 0 38 12
38 13 38 25
38 26 38 37
47 0 47 11
47 12 47 24
48 0 48 11
48 12 48 24
50 0 50 11
50 12 50 23
50 24 50 36
51 0 51 11
51 12 51 23
51 24 51 36
53 0 53 12
53 13 53 25
55 0 55 12
57 0 57 12
59 0 59 12
60 0 60 11
60 12 60 23
60 24 60 35
62 0 62 12
65 0 65 12
66 0 66 11
66 12 66 24
66 25 66 36
66 37 66 48
66 49 66 60
69 0 69 12
75 0 75 11
76 0 76 11
76 12 76 24
76 25 76 36
77 0 77 12
78 0 78 12
79 0 79 11
79 12 79 24
79 25 79 37
79 38 79 49
79 50 79 62
89 0 89 11
89 12 89 23
89 24 89 35
92 0 92 11
96 0 96 11
96 12 96 24
97 0 97 11
99 0 99 11
100 0 100 11
102 0 102 12
105 0 105 11
107 0 107 11
109 0 109 12
110 0 110 11
110 12 110 24
110 25 110 36
110 37 110 48
112 0 112 11
115 0 115 11
117 0 117 11
119 0 119 12
124 0 124 12
124 13 124 25
124 26 124 38
125 0 125 12
125 13 125 25
125 26 125 38
127 0 127 11
128 0 128 11
128 12 128 23
129 0 129 12
130 0 130 11
131 0 131 11
132 0 132 12
134 0 134 12
134 13 134 24
137 0 137 11
137 12 137 23
138 0 138 11
138 12 138 24
141 0 141 12
142 0 142 12
142 13 142 24
144 0 144 12
144 13 144 24
144 25 144 36
144 37 144 48
144 49 144 61
144 62 144 73
144 74 144 86
145 0 145 12
147 0 147 11
147 12 147 23
153 0 153 11
153 12 153 24
153 25 153 36
153 37 153 49
156 0 156 12
156 13 156 24
156 25 156 37
156 38 156 49
156 50 156 62
156 63 156 74
157 0 157 12
158 0 158 11
160 0 160 11
160 12 160 23
160 24 160 36
163 0 163 11
164 0 164 11
169 0 169 12
175 0 175 12
175 13 175 24
178 0 178 11
179 0 179 12
181 0 181 12
181 13 181 24
181 25 181 37
181 38 181 49
181 50 181 62
182 0 182 12
183 0 183 11
183 12 183 24
188 0 188 11
188 12 188 24
188 25 188 36
190 0 190 11
191 0 191 12
191 13 191 25
195 0 195 11
197 0 197 11
200 0 200 11
200 12 200 24
200 25 200 36
201 0 201 11
207 0 207 11
216 0 216 12
216 13 216 25
216 26 216 38
218 0 218 12
222 0 222 11
223 0 223 11
223 12 223 23
223 24 223 35
223 36 223 47
230 0 230 11
230 12 230 23
234 0 234 11
234 12 234 24
234 25 234 36
236 0 236 12
237 0 237 11
238 0 238 11
246 0 246 11
246 12 246 23
247 0 247 11
248 0 248 11
248 12 248 24
249 0 249 12
250 0 250 12
250 13 250 25
251 0 251 11
251 12 251 23
251 24 251 35
251 36 251 47
251 48 251 60
256 0 256 12
258 0 258 11
259 0 259 11
259 12 259 23
260 0 260 12
266 0 266 11
270 0 270 11
270 12 270 23
270 24 270 35
271 0 271 12
274 0 274 12
275 0 275 12
278 0 278 12
281 0 281 12
281 13 281 25
281 26 281 37
281 38 281 49
284 0 284 12
286 0 286 11
287 0 287 11
287 12 287 24
287 25 287 37
290 0 290 12
290 13 290 24
290 25 290 36
291 0 291 11
291 12 291 24
291 25 291 37
291 38 291 50
291 51 291 62
294 0 294 12
295 0 295 11
300 0 300 12
301 0 301 12
301 13 301 25
301 26 301 38
301 39 301 51
301 52 301 64
304 0 304 11
304 12 304 23
305 0 305 12
307 0 307 12
307 13 307 25
310 0 310 11
310 12 310 24
310 25 310 37
316 0 316 12
316 13 316 25
317 0 317 12
317 13 317 24
323 0 323 11
323 12 323 23
323 24 323 35
326 0 326 11
330 0 330 12
331 0 331 11
333 0 333 12
333 13 333 25
335 0 335 12
336 0 336 12
336 13 336 24
336 25 336 37
336 38 336 49
341 0 341 11
342 0 342 11
344 0 344 12
346 0 346 12
346 13 346 25
346 26 346 37
346 38 346 50
346 51 346 63
350 0 350 11
350 12 350 24
351 0 351 11
351 12 351 24
355 0 355 11
357 0 357 12
359 0 359 11
361 0 361 12
363 0 363 11
365 0 365 11
366 0 366 11
368 0 368 11
368 12 368 23
372 0 372 11
372 12 372 24
372 25 372 37
372 38 372 49
372 50 372 62
372 63 372 74
373 0 373 12
376 0 376 11
381 0 381 12
382 0 382 12
382 13 382 25
383 0 383 11
385 0 385 11
388 0 388 12
388 13 388 25
389 0 389 11
390 0 390 12
390 13 390 24
390 25 390 36
392 0 392 11
394 0 394 11
395 0 395 11
397 0 397 12
399 0 399 11
400 0 400 12
400 13 400 24
400 25 400 37
402 0 402 11
402 12 402 24
403 0 403 11
404 0 404 12
410 0 410 11
412 0 412 12
415 0 415 11
418 0 418 11
420 0 420 12
421 0 421 12
422 0 422 12
431 0 431 11
432 0 432 12
433 0 433 11
433 12 433 24
434 0 434 12
434 13 434 24
436 0 436 12
438 0 438 11
439 0 439 11
440 0 440 11
440 12 440 24
442 0 442 11
443 0 443 12
443 13 443 24
447 0 447 11
447 12 447 23
447 24 447 36
447 37 447 49
447 50 447 62
448 0 448 12
450 0 450 12
450 13 450 25
457 0 457 12
458 0 458 11
459 0 459 11
462 0 462 11
466 0 466 11
467 0 467 12
467 13 467 24
468 0 468 12
468 13 468 25
469 0 469 12
469 13 469 24
469 25 469 36
471 0 471 11
471 12 471 24
475 0 475 11
477 0 477 11
480 0 480 11
482 0 482 11
482 12 482 24
482 25 482 36
482 37 482 48
483 0 483 11
484 0 484 11
484 12 484 24
484 25 484 36
484 37 484 48
485 0 485 11
490 0 490 12
492 0 492 11
494 0 494 11
494 12 494 23
498 0 498 12
500 0 500 11
503 0 503 11
504 0 504 12
505 0 505 12
507 0 507 12
507 13 507 25
507 26 507 37
508 0 508 12
508 13 508 24
508 25 508 37
514 0 514 12
514 13 514 25
516 0 516 12
519 0 519 12
521 0 521 12
523 0 523 11
527 0 527 12
531 0 531 12
531 13 531 24
535 0 535 12
538 0 538 11
541 0 541 11
542 0 542 12
542 13 542 25
543 0 543 11
543 12 543 24
544 0 544 11
544 12 544 23
544 24 544 35
544 36 544 48
545 0 545 11
548 0 548 11
548 12 548 24
550 0 550 11
553 0 553 11
554 0 554 11
554 12 554 24
554 25 554 36
555 0 555 12
557 0 557 12
557 13 557 25
558 0 558 11
561 0 561 11
562 0 562 11
566 0 566 11
566 12 566 23
568 0 568 11
568 12 568 23
568 24 568 36
570 0 570 12
570 13 570 25
570 26 570 37
570 38 570 50
570 51 570 63
570 64 570 75
580 0 580 12
580 13 580 24
580 25 580 36
581 0 581 11
581 12 581 24
586 0 586 12
587 0 587 12
588 0 588 12
591 0 591 11
591 12 591 24
592 0 592 11
594 0 594 12
597 0 597 12
597 13 597 25
599 0 599 11
599 12 599 24
599 25 599 36
601 0 601 12
602 0 602 12
605 0 605 11
605 12 605 23
605 24 605 36
605 37 605 48
605 49 605 60
608 0 608 12
608 13 608 25
613 0 613 11
613 12 613 24
614 0 614 12
614 13 614 25
616 0 616 12
616 13 616 24
616 25 616 36
616 37 616 48
616 49 616 60
622 0 622 12
625 0 625 12
625 13 625 24
626 0 626 12
626 13 626 24
627 0 627 11
627 12 627 24
628 0 628 12
630 0 630 12
634 0 634 11
634 12 634 23
635 0 635 11
637 0 637 11
638 0 638 11
639 0 639 11
641 0 641 12
641 13 641 24
641 25 641 36
645 0 645 12
646 0 646 11
647 0 647 11
647 12 647 24
647 25 647 37
649 0 649 12
649 13 649 24
649 25 649 37
649 38 649 50
650 0 650 11
650 12 650 24
655 0 655 11
655 12 655 23
655 24 655 36
656 0 656 12
656 13 656 24
656 25 656 37
659 0 659 11
659 12 659 23
661 0 661 11
661 12 661 24
664 0 664 12
665 0 665 11
666 0 666 11
666 12 666 24
666 25 666 37
667 0 667 12
671 0 671 11
673 0 673 11
674 0 674 11
674 12 674 23
674 24 674 35
683 0 683 12
684 0 684 12
686 0 686 12
686 13 686 24
689 0 689 11
689 12 689 23
692 0 692 11
692 12 692 24
692 25 692 36
693 0 693 11
696 0 696 11
696 12 696 23
698 0 698 12
698 13 698 24
701 0 701 12
702 0 702 11
702 12 702 23
705 0 705 11
705 12 705 24
711 0 711 11
711 12 711 23
711 24 711 36
714 0 714 11
715 0 715 11
716 0 716 11
716 12 716 23
716 24 716 36
718 0 718 12
718 13 718 24
721 0 721 11
721 12 721 23
723 0 723 11
726 0 726 12
726 13 726 25
728 0 728 12
733 0 733 11
738 0 738 12
738 13 738 24
740 0 740 12
741 0 741 11
741 12 741 24
743 0 743 12
743 13 743 25
743 26 743 38
744 0 744 11
747 0 747 11
748 0 748 11
749 0 749 11
752 0 752 11
752 12 752 24
755 0 755 11
760 0 760 11
760 12 760 24
763 0 763 12
763 13 763 25
764 0 764 11
765 0 765 11
765 12 765 23
766 0 766 12
772 0 772 11
772 12 772 23
774 0 774 11
774 12 774 23
774 24 774 35
776 0 776 11
776 12 776 23
776 24 776 36
776 37 776 49
779 0 779 11
779 12 779 23
785 0 785 11
790 0 790 12
794 0 794 11
797 0 797 11
800 0 800 12
800 13 800 24
802 0 802 11
802 12 802 24
804 0 804 11
805 0 805 12
814 0 814 11
815 0 815 11
815 12 815 23
815 24 815 35
815 36 815 47
815 48 815 59
820 0 820 12
820 13 820 24
821 0 821 12
821 13 821 25
825 0 825 12
827 0 827 12
827 13 827 25
827 26 827 37
828 0 828 11
829 0 829 11
831 0 831 12
831 13 831 25
833 0 833 11
835 0 835 12
837 0 837 11
837 12 837 23
838 0 838 12
840 0 840 11
840 12 840 24
840 25 840 37
842 0 842 12
842 13 842 24
844 0 844 12
844 13 844 25
844 26 844 38
847 0 847 12
854 0 854 12
856 0 856 12
857 0 857 11
858 0 858 12
859 0 859 12
859 13 859 24
862 0 862 12
866 0 866 12
867 0 867 12
868 0 868 11
869 0 869 11
871 0 871 12
874 0 874 11
875 0 875 11
876 0 876 11
877 0 877 11
877 12 877 23
877 24 877 35
879 0 879 11
881 0 881 12
881 13 881 24
882 0 882 12
882 13 882 24
882 25 882 37
884 0 884 11
884 12 884 23
885 0 885 11
886 0 886 11
889 0 889 11
891 0 891 12
891 13 891 24
892 0 892 12
892 13 892 25
893 0 893 11
894 0 894 11
895 0 895 12
896 0 896 11
898 0 898 12
899 0 899 11
909 0 909 11
913 0 913 11
915 0 915 12
916 0 916 11
921 0 921 11
921 12 921 24
925 0 925 11
926 0 926 12
931 0 931 12
931 13 931 25
933 0 933 12
934 0 934 12
936 0 936 12
936 13 936 25
938 0 938 11
941 0 941 12
942 0 942 12
942 13 942 25
945 0 945 11
948 0 948 11
954 0 954 11
956 0 956 12
958 0 958 11
961 0 961 12
961 13 961 24
961 25 961 37
961 38 961 49
961 50 961 62
961 63 961 75
961 76 961 87
967 0 967 12
970 0 970 11
972 0 972 11
973 0 973 11
974 0 974 12
975 0 975 11
977 0 977 11
977 12 977 24
981 0 981 11
983 0 983 12
988 0 988 11
988 12 988 23
992 0 992 11
996 0 996 12
996 13 996 24
996 25 996 36
997 0 997 11
997 12 997 24
