629
0 0 0 7
0 8 0 17
0 18 0 25
1 0 1 9
3 0 3 8
3 9 3 18
3 19 3 28
3 29 3 37
4 0 4 8
4 9 4 16
4 17 4 25
5 0 5 9
6 0 6 8
7 0 7 8
7 9 7 18
7 19 7 28
7 29 7 37
7 38 7 46
7 47 7 55
7 56 7 64
8 0 8 7
8 8 8 16
8 17 8 24
8 25 8 35
8 36 8 46
8 47 8 55
8 56 8 64
8 65 8 72
10 0 10 7
10 8 10 15
10 16 10 23
10 24 10 32
11 0 11 9
11 10 11 17
11 18 11 25
11 26 11 34
11 35 11 42
12 0 12 7
12 8 12 15
12 16 12 23
12 24 12 34
13 0 13 7
14 0 14 9
14 10 14 20
14 21 14 30
14 31 14 38
14 39 14 46
14 47 14 54
15 0 15 8
15 9 15 17
16 0 16 9
16 10 16 20
16 21 16 30
16 31 16 39
16 40 16 48
16 49 16 57
16 58 16 66
16 67 16 74
16 75 16 84
16 85 16 94
16 95 16 104
16 105 16 113
16 114 16 122
16 123 16 130
17 0 17 8
17 9 17 16
17 17 17 24
17 25 17 32
18 0 18 8
18 9 18 17
18 18 18 25
18 26 18 34
18 35 18 42
18 43 18 51
18 52 18 59
18 60 18 67
20 0 20 9
20 10 20 17
20 18 20 25
20 26 20 36
21 0 21 8
21 9 21 19
21 20 21 27
21 28 21 36
21 37 21 45
21 46 21 55
21 56 21 64
21 65 21 73
21 74 21 82
21 83 21 91
21 92 21 99
22 0 22 8
22 9 22 18
22 19 22 27
22 28 22 35
22 36 22 43
22 44 22 51
22 52 22 59
22 60 22 69
22 70 22 77
22 78 22 88
22 89 22 97
22 98 22 106
22 107 22 117
22 118 22 127
22 128 22 135
22 136 22 143
22 144 22 151
22 152 22 160
22 161 22 168
23 0 23 8
23 9 23 18
23 19 23 26
23 27 23 34
24 0 24 8
25 0 25 7
25 8 25 16
25 17 25 24
25 25 25 32
25 33 25 42
25 43 25 50
25 51 25 58
26 0 26 7
26 8 26 15
26 16 26 25
26 26 26 34
26 35 26 43
26 44 26 52
26 53 26 62
26 63 26 70
26 71 26 79
26 80 26 88
26 89 26 97
26 98 26 107
27 0 27 9
28 0 28 7
28 8 28 15
29 0 29 9
29 10 29 20
29 21 29 28
30 0 30 7
30 8 30 15
31 0 31 7
31 8 31 15
32 0 32 7
32 8 32 18
32 19 32 28
32 29 32 37
32 38 32 46
32 47 32 55
32 56 32 63
32 64 32 72
33 0 33 8
33 9 33 17
33 18 33 25
35 0 35 10
35 11 35 21
35 22 35 30
36 0 36 7
37 0 37 8
38 0 38 10
38 11 38 18
41 0 41 9
42 0 42 8
43 0 43 8
43 9 43 17
44 0 44 9
45 0 45 10
45 11 45 18
45 19 45 26
45 27 45 35
45 36 45 43
45 44 45 53
45 54 45 64
47 0 47 7
47 8 47 15
47 16 47 23
47 24 47 32
49 0 49 7
49 8 49 16
49 17 49 26
49 27 49 35
50 0 50 8
51 0 51 7
52 0 52 9
52 10 52 19
52 20 52 30
52 31 52 38
53 0 53 8
53 9 53 18
53 19 53 26
53 27 53 34
53 35 53 43
53 44 53 54
53 55 53 62
53 63 53 70
53 71 53 78
53 79 53 86
53 87 53 95
53 96 53 105
54 0 54 8
55 0 55 8
55 9 55 19
56 0 56 7
56 8 56 17
57 0 57 8
57 9 57 17
58 0 58 9
58 10 58 20
59 0 59 7
59 8 59 15
61 0 61 10
61 11 61 18
61 19 61 27
62 0 62 8
62 9 62 16
62 17 62 26
62 27 62 36
62 37 62 44
62 45 62 53
62 54 62 61
62 62 62 69
66 0 66 8
67 0 67 9
67 10 67 18
67 19 67 28
67 29 67 36
67 37 67 44
67 45 67 54
67 55 67 63
67 64 67 74
68 0 68 8
68 9 68 17
68 18 68 27
69 0 69 8
70 0 70 7
70 8 70 15
70 16 70 25
70 26 70 35
70 36 70 46
71 0 71 10
71 11 71 19
73 0 73 10
73 11 73 18
73 19 73 26
73 27 73 35
75 0 75 8
75 9 75 16
76 0 76 9
77 0 77 8
77 9 77 18
77 19 77 29
77 30 77 38
77 39 77 46
77 47 77 55
77 56 77 65
77 66 77 73
77 74 77 83
77 84 77 91
77 92 77 100
78 0 78 7
79 0 79 10
79 11 79 20
79 21 79 30
79 31 79 38
80 0 80 9
81 0 81 7
81 8 81 15
81 16 81 23
81 24 81 31
81 32 81 41
82 0 82 7
82 8 82 16
82 17 82 26
82 27 82 35
82 36 82 43
82 44 82 51
82 52 82 59
82 60 82 67
82 68 82 76
82 77 82 85
83 0 83 7
83 8 83 15
86 0 86 7
86 8 86 15
86 16 86 24
86 25 86 32
86 33 86 41
86 42 86 50
86 51 86 58
86 59 86 66
87 0 87 9
88 0 88 9
89 0 89 9
91 0 91 7
91 8 91 15
91 16 91 24
91 25 91 32
91 33 91 41
91 42 91 49
91 50 91 59
91 60 91 68
91 69 91 77
91 78 91 87
91 88 91 97
91 98 91 105
91 106 91 114
91 115 91 124
91 125 91 133
91 134 91 141
91 142 91 151
92 0 92 8
94 0 94 7
94 8 94 15
94 16 94 23
95 0 95 8
95 9 95 16
95 17 95 24
95 25 95 32
95 33 95 42
95 43 95 50
95 51 95 58
95 59 95 68
95 69 95 78
95 79 95 86
95 87 95 94
96 0 96 9
96 10 96 19
96 20 96 27
96 28 96 37
98 0 98 10
98 11 98 19
99 0 99 8
100 0 100 7
100 8 100 16
100 17 100 27
100 28 100 37
101 0 101 10
101 11 101 20
101 21 101 28
101 29 101 37
101 38 101 47
101 48 101 58
101 59 101 66
101 67 101 75
101 76 101 85
101 86 101 96
101 97 101 106
101 107 101 115
101 116 101 126
101 127 101 135
101 136 101 143
102 0 102 10
102 11 102 20
102 21 102 29
102 30 102 40
102 41 102 48
102 49 102 56
102 57 102 64
103 0 103 8
105 0 105 9
105 10 105 18
105 19 105 26
106 0 106 7
107 0 107 8
107 9 107 18
108 0 108 9
109 0 109 7
109 8 109 16
109 17 109 24
109 25 109 33
109 34 109 41
109 42 109 49
109 50 109 57
109 58 109 68
109 69 109 76
110 0 110 7
110 8 110 16
110 17 110 25
110 26 110 36
110 37 110 44
110 45 110 52
110 53 110 61
112 0 112 8
112 9 112 16
113 0 113 7
114 0 114 9
114 10 114 17
114 18 114 27
114 28 114 36
114 37 114 45
114 46 114 56
114 57 114 64
114 65 114 72
114 73 114 81
114 82 114 89
114 90 114 97
114 98 114 106
114 107 114 114
114 115 114 122
114 123 114 132
114 133 114 141
114 142 114 151
115 0 115 7
115 8 115 16
115 17 115 24
115 25 115 32
115 33 115 40
115 41 115 51
115 52 115 61
115 62 115 69
118 0 118 8
118 9 118 18
120 0 120 8
120 9 120 17
120 18 120 27
120 28 120 37
120 38 120 48
120 49 120 57
120 58 120 68
120 69 120 78
120 79 120 87
120 88 120 95
120 96 120 105
121 0 121 8
121 9 121 17
124 0 124 7
124 8 124 18
125 0 125 10
125 11 125 19
125 20 125 27
125 28 125 35
125 36 125 43
127 0 127 9
127 10 127 19
127 20 127 28
127 29 127 36
128 0 128 7
128 8 128 15
128 16 128 23
128 24 128 31
128 32 128 39
130 0 130 8
130 9 130 17
131 0 131 8
132 0 132 8
132 9 132 17
135 0 135 7
137 0 137 7
137 8 137 18
137 19 137 28
137 29 137 38
137 39 137 47
137 48 137 55
137 56 137 64
137 65 137 74
137 75 137 82
138 0 138 9
139 0 139 8
140 0 140 9
140 10 140 18
140 19 140 28
140 29 140 39
140 40 140 48
141 0 141 7
142 0 142 9
142 10 142 18
142 19 142 28
142 29 142 37
142 38 142 46
143 0 143 7
143 8 143 16
144 0 144 8
144 9 144 17
144 18 144 28
144 29 144 36
144 37 144 45
145 0 145 8
146 0 146 7
147 0 147 7
147 8 147 16
148 0 148 9
148 10 148 17
151 0 151 8
151 9 151 16
151 17 151 26
151 27 151 34
151 35 151 42
151 43 151 51
151 52 151 61
151 62 151 70
151 71 151 79
151 80 151 89
152 0 152 9
152 10 152 17
153 0 153 10
153 11 153 19
153 20 153 27
154 0 154 8
157 0 157 8
158 0 158 8
158 9 158 16
158 17 158 24
158 25 158 34
158 35 158 43
158 44 158 51
158 52 158 60
160 0 160 10
161 0 161 9
161 10 161 17
161 18 161 28
161 29 161 36
161 37 161 44
161 45 161 53
162 0 162 7
162 8 162 15
162 16 162 23
162 24 162 31
162 32 162 39
162 40 162 50
162 51 162 60
162 61 162 70
163 0 163 7
163 8 163 15
163 16 163 25
163 26 163 36
163 37 163 46
166 0 166 8
166 9 166 16
166 17 166 24
166 25 166 33
168 0 168 9
168 10 168 19
169 0 169 7
170 0 170 10
170 11 170 20
170 21 170 28
170 29 170 36
171 0 171 7
171 8 171 17
171 18 171 25
171 26 171 34
171 35 171 42
171 43 171 50
171 51 171 59
174 0 174 10
174 11 174 18
175 0 175 9
175 10 175 20
175 21 175 29
175 30 175 37
175 38 175 47
175 48 175 56
175 57 175 67
175 68 175 78
175 79 175 87
177 0 177 7
177 8 177 17
177 18 177 26
177 27 177 36
177 37 177 45
177 46 177 55
177 56 177 65
177 66 177 73
177 74 177 81
177 82 177 91
177 92 177 101
177 102 177 109
178 0 178 9
179 0 179 7
179 8 179 17
179 18 179 28
179 29 179 37
179 38 179 46
179 47 179 54
179 55 179 62
179 63 179 71
179 72 179 80
179 81 179 90
179 91 179 101
180 0 180 10
181 0 181 9
181 10 181 19
182 0 182 10
182 11 182 19
182 20 182 28
182 29 182 39
183 0 183 10
183 11 183 20
183 21 183 29
183 30 183 38
185 0 185 8
185 9 185 18
186 0 186 10
186 11 186 18
186 19 186 26
186 27 186 34
187 0 187 10
187 11 187 20
187 21 187 31
187 32 187 39
188 0 188 8
188 9 188 16
188 17 188 25
188 26 188 33
188 34 188 42
188 43 188 53
189 0 189 9
189 10 189 20
189 21 189 29
189 30 189 38
189 39 189 48
190 0 190 10
190 11 190 19
191 0 191 10
192 0 192 7
192 8 192 17
192 18 192 25
192 26 192 36
194 0 194 7
194 8 194 15
194 16 194 23
194 24 194 31
195 0 195 10
195 11 195 18
195 19 195 26
197 0 197 10
197 11 197 19
197 20 197 29
